      Step     Time          Energy          fmax
BFGS:    0 08:24:32     -172.636429        0.565474
BFGS:    1 08:24:32     -172.651901        0.384885
BFGS:    2 08:24:33     -172.661057        0.347694
BFGS:    3 08:24:33     -172.670181        0.381132
BFGS:    4 08:24:33     -172.682724        0.411539
BFGS:    5 08:24:34     -172.690399        0.232416
BFGS:    6 08:24:34     -172.693970        0.141419
BFGS:    7 08:24:34     -172.696487        0.184173
BFGS:    8 08:24:35     -172.700241        0.249176
BFGS:    9 08:24:35     -172.705032        0.251165
BFGS:   10 08:24:36     -172.708649        0.160685
BFGS:   11 08:24:36     -172.711029        0.159289
BFGS:   12 08:24:36     -172.714447        0.288387
BFGS:   13 08:24:37     -172.719589        0.469381
BFGS:   14 08:24:38     -172.727966        0.596415
BFGS:   15 08:24:38     -172.736420        0.499899
BFGS:   16 08:24:38     -172.742615        0.218308
BFGS:   17 08:24:38     -172.745270        0.172628
BFGS:   18 08:24:38     -172.747726        0.204648
BFGS:   19 08:24:39     -172.751083        0.190515
BFGS:   20 08:24:39     -172.753220        0.145367
BFGS:   21 08:24:39     -172.753937        0.054208
BFGS:   22 08:24:39     -172.754196        0.055276
BFGS:   23 08:24:40     -172.754578        0.073574
BFGS:   24 08:24:40     -172.755127        0.103450
BFGS:   25 08:24:40     -172.755707        0.102089
BFGS:   26 08:24:40     -172.756104        0.059220
BFGS:   27 08:24:41     -172.756409        0.066288
BFGS:   28 08:24:41     -172.756851        0.082585
BFGS:   29 08:24:41     -172.757507        0.087174
BFGS:   30 08:24:41     -172.758148        0.081510
BFGS:   31 08:24:41     -172.758530        0.052658
BFGS:   32 08:24:41     -172.758743        0.051933
BFGS:   33 08:24:42     -172.759003        0.058670
BFGS:   34 08:24:42     -172.759521        0.085522
BFGS:   35 08:24:42     -172.760269        0.099047
BFGS:   36 08:24:42     -172.761017        0.064516
BFGS:   37 08:24:43     -172.761536        0.054808
BFGS:   38 08:24:43     -172.761917        0.055557
BFGS:   39 08:24:43     -172.762466        0.095759
BFGS:   40 08:24:44     -172.763290        0.113068
BFGS:   41 08:24:44     -172.764206        0.071257
BFGS:   42 08:24:44     -172.764923        0.073044
BFGS:   43 08:24:45     -172.765533        0.072026
BFGS:   44 08:24:45     -172.766373        0.128130
BFGS:   45 08:24:46     -172.767670        0.167253
BFGS:   46 08:24:46     -172.769669        0.167359
BFGS:   47 08:24:46     -172.775543        0.357465
BFGS:   48 08:24:47     -172.780624        0.832293
BFGS:   49 08:24:48     -172.781479        1.414457
BFGS:   50 08:24:48     -172.803375        1.160463
BFGS:   51 08:24:48     -172.936966        1.677472
BFGS:   52 08:24:48     -173.200989        1.806302
BFGS:   53 08:24:49     -173.235413        2.190851
BFGS:   54 08:24:49     -173.375717        3.016214
BFGS:   55 08:24:49     -173.484329        1.697102
BFGS:   56 08:24:50     -173.595383        0.854224
BFGS:   57 08:24:50     -173.627014        1.655155
BFGS:   58 08:24:51     -173.679901        0.243823
BFGS:   59 08:24:51     -173.685760        0.236659
BFGS:   60 08:24:51     -173.692825        0.334838
BFGS:   61 08:24:51     -173.697205        0.233400
BFGS:   62 08:24:51     -173.700958        0.121223
BFGS:   63 08:24:52     -173.702438        0.061634
BFGS:   64 08:24:52     -173.702896        0.062235
BFGS:   65 08:24:52     -173.703949        0.047398
      Step     Time          Energy          fmax
BFGS:    0 22:37:43     -172.636414        0.565474
BFGS:    1 22:37:43     -172.651901        0.384886
BFGS:    2 22:37:44     -172.661057        0.347686
BFGS:    3 22:37:44     -172.670181        0.381132
BFGS:    4 22:37:44     -172.682724        0.411538
BFGS:    5 22:37:44     -172.690399        0.232424
BFGS:    6 22:37:45     -172.693970        0.141414
BFGS:    7 22:37:45     -172.696487        0.184201
BFGS:    8 22:37:45     -172.700241        0.249161
BFGS:    9 22:37:46     -172.705032        0.251203
BFGS:   10 22:37:46     -172.708649        0.160671
BFGS:   11 22:37:46     -172.711029        0.159277
BFGS:   12 22:37:46     -172.714432        0.288307
BFGS:   13 22:37:47     -172.719589        0.469511
BFGS:   14 22:37:47     -172.727966        0.596429
BFGS:   15 22:37:47     -172.736420        0.499834
BFGS:   16 22:37:48     -172.742615        0.218415
BFGS:   17 22:37:48     -172.745270        0.172614
BFGS:   18 22:37:48     -172.747726        0.204670
BFGS:   19 22:37:49     -172.751083        0.190474
BFGS:   20 22:37:49     -172.753204        0.145402
BFGS:   21 22:37:49     -172.753937        0.054185
BFGS:   22 22:37:50     -172.754196        0.055233
BFGS:   23 22:37:50     -172.754593        0.073614
BFGS:   24 22:37:50     -172.755127        0.103449
BFGS:   25 22:37:50     -172.755707        0.102071
BFGS:   26 22:37:51     -172.756104        0.059251
BFGS:   27 22:37:51     -172.756409        0.066305
BFGS:   28 22:37:51     -172.756851        0.082586
BFGS:   29 22:37:52     -172.757507        0.087261
BFGS:   30 22:37:52     -172.758148        0.081570
BFGS:   31 22:37:52     -172.758530        0.052633
BFGS:   32 22:37:52     -172.758743        0.051943
BFGS:   33 22:37:53     -172.759003        0.058674
BFGS:   34 22:37:53     -172.759506        0.085555
BFGS:   35 22:37:53     -172.760269        0.099003
BFGS:   36 22:37:53     -172.761017        0.064465
BFGS:   37 22:37:54     -172.761536        0.054790
BFGS:   38 22:37:54     -172.761917        0.055433
BFGS:   39 22:37:54     -172.762466        0.095814
BFGS:   40 22:37:55     -172.763290        0.112888
BFGS:   41 22:37:55     -172.764206        0.071231
BFGS:   42 22:37:55     -172.764938        0.073009
BFGS:   43 22:37:56     -172.765533        0.072181
BFGS:   44 22:37:56     -172.766357        0.128119
BFGS:   45 22:37:56     -172.767670        0.167406
BFGS:   46 22:37:56     -172.769669        0.167198
BFGS:   47 22:37:57     -172.775513        0.354778
BFGS:   48 22:37:57     -172.780548        0.829905
BFGS:   49 22:37:57     -172.781540        1.410633
BFGS:   50 22:37:58     -172.803757        1.165871
BFGS:   51 22:37:58     -172.933456        1.658989
BFGS:   52 22:37:58     -173.198715        1.723382
BFGS:   53 22:37:58     -173.217194        2.321693
BFGS:   54 22:37:59     -173.310364        2.827234
BFGS:   55 22:37:59     -173.432816        2.064986
BFGS:   56 22:37:59     -173.555786        1.118146
BFGS:   57 22:38:00     -173.595764        1.920717
BFGS:   58 22:38:00     -173.672089        0.428124
BFGS:   59 22:38:00     -173.682388        0.247417
BFGS:   60 22:38:01     -173.689972        0.226709
BFGS:   61 22:38:01     -173.694183        0.193726
BFGS:   62 22:38:02     -173.699234        0.161686
BFGS:   63 22:38:02     -173.701691        0.073063
BFGS:   64 22:38:02     -173.702835        0.066829
BFGS:   65 22:38:03     -173.703415        0.061080
BFGS:   66 22:38:03     -173.704269        0.052925
BFGS:   67 22:38:03     -173.704956        0.052941
BFGS:   68 22:38:04     -173.705505        0.048101
