      Step     Time          Energy          fmax
BFGS:    0 18:39:38     -194.525533        0.369346
BFGS:    1 18:39:41     -194.527040        0.174078
BFGS:    2 18:39:43     -194.528165        0.226870
BFGS:    3 18:39:46     -194.534761        0.363914
BFGS:    4 18:39:48     -194.537044        0.275743
BFGS:    5 18:39:51     -194.540077        0.167518
BFGS:    6 18:39:54     -194.544794        0.389886
BFGS:    7 18:39:56     -194.554723        0.676018
BFGS:    8 18:39:59     -194.566041        0.722616
BFGS:    9 18:40:01     -194.576816        0.444922
BFGS:   10 18:40:04     -194.585269        0.235487
BFGS:   11 18:40:07     -194.589292        0.232230
BFGS:   12 18:40:09     -194.601896        0.529548
BFGS:   13 18:40:12     -194.609342        0.487833
BFGS:   14 18:40:14     -194.613988        0.246091
BFGS:   15 18:40:17     -194.615190        0.140009
BFGS:   16 18:40:19     -194.616127        0.197257
BFGS:   17 18:40:22     -194.623907        0.715519
BFGS:   18 18:40:25     -194.610019        1.750856
BFGS:   19 18:40:27     -194.653188        0.676533
BFGS:   20 18:40:30     -194.667699        0.574628
BFGS:   21 18:40:32     -194.714611        1.196639
BFGS:   22 18:40:35     -194.745576        2.918814
BFGS:   23 18:40:38     -194.960132        2.095958
BFGS:   24 18:40:40     -195.159257        2.032302
BFGS:   25 18:40:43     -195.402698        2.028886
BFGS:   26 18:40:46     -195.682191        1.763079
BFGS:   27 18:40:48     -195.959684        1.562157
BFGS:   28 18:40:51     -196.055837        0.877732
BFGS:   29 18:40:53     -195.981346        3.278044
BFGS:   30 18:40:56     -196.179618        1.432705
BFGS:   31 18:40:58     -196.284400        1.026255
BFGS:   32 18:41:01     -196.416627        0.511246
BFGS:   33 18:41:04     -196.420869        1.732278
BFGS:   34 18:41:06     -196.459964        0.406724
BFGS:   35 18:41:09     -196.467414        0.368360
BFGS:   36 18:41:11     -196.484901        0.563405
BFGS:   37 18:41:14     -196.498281        0.456344
BFGS:   38 18:41:16     -196.516443        0.259177
BFGS:   39 18:41:19     -196.522205        0.297832
BFGS:   40 18:41:21     -196.525823        0.159136
BFGS:   41 18:41:24     -196.527961        0.129082
BFGS:   42 18:41:26     -196.529991        0.131220
BFGS:   43 18:41:29     -196.532371        0.135360
BFGS:   44 18:41:31     -196.533504        0.088307
BFGS:   45 18:41:34     -196.534374        0.089742
BFGS:   46 18:41:36     -196.535543        0.105419
BFGS:   47 18:41:39     -196.537128        0.161860
BFGS:   48 18:41:42     -196.539243        0.187866
BFGS:   49 18:41:44     -196.541213        0.149580
BFGS:   50 18:41:47     -196.542583        0.111148
BFGS:   51 18:41:49     -196.543626        0.111202
BFGS:   52 18:41:52     -196.544925        0.156372
BFGS:   53 18:41:54     -196.546802        0.194977
BFGS:   54 18:41:57     -196.548501        0.142683
BFGS:   55 18:41:59     -196.549360        0.083023
BFGS:   56 18:42:02     -196.549850        0.075779
BFGS:   57 18:42:04     -196.550500        0.110455
BFGS:   58 18:42:07     -196.551403        0.131421
BFGS:   59 18:42:10     -196.552240        0.099451
BFGS:   60 18:42:12     -196.552618        0.043828
      Step     Time          Energy          fmax
BFGS:    0 07:23:58     -194.525533        0.369346
BFGS:    1 07:24:00     -194.527040        0.174078
BFGS:    2 07:24:03     -194.528163        0.226870
BFGS:    3 07:24:05     -194.534763        0.363913
BFGS:    4 07:24:08     -194.537042        0.275743
BFGS:    5 07:24:11     -194.540071        0.167519
BFGS:    6 07:24:13     -194.544790        0.389971
BFGS:    7 07:24:16     -194.554721        0.675846
BFGS:    8 07:24:18     -194.566041        0.722614
BFGS:    9 07:24:21     -194.576810        0.445166
BFGS:   10 07:24:24     -194.585266        0.235494
BFGS:   11 07:24:26     -194.589290        0.232214
BFGS:   12 07:24:29     -194.601909        0.529514
BFGS:   13 07:24:31     -194.609348        0.487483
BFGS:   14 07:24:34     -194.613994        0.245827
BFGS:   15 07:24:36     -194.615188        0.140025
BFGS:   16 07:24:39     -194.616127        0.197487
BFGS:   17 07:24:42     -194.623943        0.716503
BFGS:   18 07:24:44     -194.615795        1.700834
BFGS:   19 07:24:47     -194.655412        0.722216
BFGS:   20 07:24:49     -194.672117        0.621799
BFGS:   21 07:24:52     -194.721382        1.315073
BFGS:   22 07:24:55     -194.762933        3.103185
BFGS:   23 07:24:57     -194.985986        2.377907
BFGS:   24 07:25:00     -195.192344        2.336142
BFGS:   25 07:25:03     -195.465274        2.012073
BFGS:   26 07:25:05     -195.779090        1.868102
BFGS:   27 07:25:08     -196.019998        1.216281
BFGS:   28 07:25:10     -195.914754        3.311239
BFGS:   29 07:25:13     -196.118692        1.442308
BFGS:   30 07:25:15     -196.174989        0.826004
BFGS:   31 07:25:18     -196.362941        0.803915
BFGS:   32 07:25:21     -196.430585        1.457690
BFGS:   33 07:25:23     -196.456977        0.445581
BFGS:   34 07:25:26     -196.466878        0.359822
BFGS:   35 07:25:28     -196.479057        0.438348
BFGS:   36 07:25:31     -196.493673        0.461720
BFGS:   37 07:25:33     -196.509944        0.398381
BFGS:   38 07:25:36     -196.518693        0.355979
BFGS:   39 07:25:38     -196.523962        0.158512
BFGS:   40 07:25:41     -196.526788        0.135373
BFGS:   41 07:25:43     -196.528713        0.138287
BFGS:   42 07:25:46     -196.530790        0.156848
BFGS:   43 07:25:48     -196.532417        0.115485
BFGS:   44 07:25:51     -196.533477        0.070807
BFGS:   45 07:25:54     -196.534446        0.097222
BFGS:   46 07:25:56     -196.535717        0.118241
BFGS:   47 07:25:59     -196.537502        0.140608
BFGS:   48 07:26:01     -196.539794        0.133258
BFGS:   49 07:26:04     -196.541761        0.103766
BFGS:   50 07:26:06     -196.542989        0.116087
BFGS:   51 07:26:09     -196.544025        0.109363
BFGS:   52 07:26:11     -196.545532        0.114691
BFGS:   53 07:26:14     -196.547433        0.115952
BFGS:   54 07:26:17     -196.548929        0.075444
BFGS:   55 07:26:19     -196.549686        0.083767
BFGS:   56 07:26:22     -196.550184        0.075950
BFGS:   57 07:26:24     -196.550872        0.069604
BFGS:   58 07:26:27     -196.551797        0.069014
BFGS:   59 07:26:29     -196.552513        0.046563
