      Step     Time          Energy          fmax
BFGS:    0 05:26:09     -172.636414        0.565468
BFGS:    1 05:26:09     -172.651901        0.384886
BFGS:    2 05:26:10     -172.661057        0.347693
BFGS:    3 05:26:10     -172.670181        0.381140
BFGS:    4 05:26:11     -172.682724        0.411539
BFGS:    5 05:26:11     -172.690399        0.232416
BFGS:    6 05:26:12     -172.693970        0.141419
BFGS:    7 05:26:12     -172.696487        0.184162
BFGS:    8 05:26:12     -172.700241        0.249218
BFGS:    9 05:26:13     -172.705032        0.251138
BFGS:   10 05:26:13     -172.708649        0.160683
BFGS:   11 05:26:13     -172.711029        0.159276
BFGS:   12 05:26:14     -172.714432        0.288219
BFGS:   13 05:26:14     -172.719604        0.469526
BFGS:   14 05:26:14     -172.727966        0.596426
BFGS:   15 05:26:15     -172.736404        0.499851
BFGS:   16 05:26:15     -172.742615        0.218472
BFGS:   17 05:26:15     -172.745255        0.172553
BFGS:   18 05:26:15     -172.747711        0.204686
BFGS:   19 05:26:16     -172.751083        0.190504
BFGS:   20 05:26:16     -172.753204        0.145399
BFGS:   21 05:26:17     -172.753937        0.054285
BFGS:   22 05:26:17     -172.754211        0.055304
BFGS:   23 05:26:17     -172.754578        0.073584
BFGS:   24 05:26:18     -172.755127        0.103423
BFGS:   25 05:26:18     -172.755707        0.102076
BFGS:   26 05:26:18     -172.756104        0.059312
BFGS:   27 05:26:18     -172.756409        0.066280
BFGS:   28 05:26:19     -172.756851        0.082568
BFGS:   29 05:26:19     -172.757507        0.087235
BFGS:   30 05:26:19     -172.758148        0.081631
BFGS:   31 05:26:20     -172.758514        0.052651
BFGS:   32 05:26:20     -172.758743        0.051946
BFGS:   33 05:26:21     -172.759003        0.058702
BFGS:   34 05:26:21     -172.759521        0.085520
BFGS:   35 05:26:21     -172.760269        0.099077
BFGS:   36 05:26:22     -172.761017        0.064509
BFGS:   37 05:26:22     -172.761520        0.054813
BFGS:   38 05:26:22     -172.761917        0.055493
BFGS:   39 05:26:22     -172.762466        0.095710
BFGS:   40 05:26:23     -172.763290        0.113047
BFGS:   41 05:26:24     -172.764206        0.071390
BFGS:   42 05:26:24     -172.764923        0.073055
BFGS:   43 05:26:25     -172.765533        0.072037
BFGS:   44 05:26:25     -172.766357        0.128116
BFGS:   45 05:26:25     -172.767654        0.167279
BFGS:   46 05:26:25     -172.769669        0.167296
BFGS:   47 05:26:26     -172.775513        0.355551
BFGS:   48 05:26:26     -172.780563        0.830315
BFGS:   49 05:26:27     -172.781509        1.411155
BFGS:   50 05:26:27     -172.803619        1.163664
BFGS:   51 05:26:28     -172.934235        1.663514
BFGS:   52 05:26:28     -173.200119        1.732891
BFGS:   53 05:26:28     -173.215317        2.311268
BFGS:   54 05:26:29     -173.315460        2.859544
BFGS:   55 05:26:29     -173.457581        1.819179
BFGS:   56 05:26:29     -173.567505        0.938221
BFGS:   57 05:26:30     -173.617783        1.692161
BFGS:   58 05:26:30     -173.676971        0.335085
BFGS:   59 05:26:30     -173.684052        0.251137
BFGS:   60 05:26:31     -173.690628        0.217558
BFGS:   61 05:26:31     -173.695953        0.165161
BFGS:   62 05:26:32     -173.699982        0.179189
BFGS:   63 05:26:32     -173.701981        0.072178
BFGS:   64 05:26:32     -173.702881        0.070795
BFGS:   65 05:26:32     -173.703491        0.059141
BFGS:   66 05:26:33     -173.704330        0.059383
BFGS:   67 05:26:33     -173.705048        0.056647
BFGS:   68 05:26:33     -173.705536        0.046309
      Step     Time          Energy          fmax
BFGS:    0 19:09:42     -172.636414        0.565468
BFGS:    1 19:09:42     -172.651901        0.384886
BFGS:    2 19:09:43     -172.661057        0.347693
BFGS:    3 19:09:43     -172.670181        0.381140
BFGS:    4 19:09:43     -172.682724        0.411539
BFGS:    5 19:09:44     -172.690399        0.232416
BFGS:    6 19:09:44     -172.693970        0.141419
BFGS:    7 19:09:45     -172.696487        0.184162
BFGS:    8 19:09:45     -172.700241        0.249218
BFGS:    9 19:09:45     -172.705032        0.251138
BFGS:   10 19:09:46     -172.708649        0.160683
BFGS:   11 19:09:46     -172.711029        0.159276
BFGS:   12 19:09:46     -172.714432        0.288219
BFGS:   13 19:09:47     -172.719604        0.469526
BFGS:   14 19:09:47     -172.727966        0.596426
BFGS:   15 19:09:48     -172.736404        0.499851
BFGS:   16 19:09:48     -172.742615        0.218472
BFGS:   17 19:09:48     -172.745255        0.172553
BFGS:   18 19:09:49     -172.747711        0.204704
BFGS:   19 19:09:49     -172.751083        0.190501
BFGS:   20 19:09:50     -172.753204        0.145354
BFGS:   21 19:09:50     -172.753937        0.054297
BFGS:   22 19:09:51     -172.754211        0.055276
BFGS:   23 19:09:51     -172.754578        0.073600
BFGS:   24 19:09:51     -172.755127        0.103462
BFGS:   25 19:09:52     -172.755692        0.102107
BFGS:   26 19:09:52     -172.756104        0.059309
BFGS:   27 19:09:52     -172.756409        0.066273
BFGS:   28 19:09:52     -172.756851        0.082566
BFGS:   29 19:09:53     -172.757507        0.087285
BFGS:   30 19:09:53     -172.758148        0.081622
BFGS:   31 19:09:54     -172.758530        0.052651
BFGS:   32 19:09:54     -172.758743        0.051937
BFGS:   33 19:09:54     -172.759003        0.058656
BFGS:   34 19:09:55     -172.759521        0.085511
BFGS:   35 19:09:55     -172.760269        0.099088
BFGS:   36 19:09:56     -172.761017        0.064530
BFGS:   37 19:09:56     -172.761520        0.054813
BFGS:   38 19:09:56     -172.761917        0.055445
BFGS:   39 19:09:56     -172.762466        0.095748
BFGS:   40 19:09:57     -172.763290        0.113036
BFGS:   41 19:09:57     -172.764206        0.071354
BFGS:   42 19:09:57     -172.764923        0.073033
BFGS:   43 19:09:57     -172.765533        0.072056
BFGS:   44 19:09:58     -172.766373        0.128109
BFGS:   45 19:09:58     -172.767654        0.167280
BFGS:   46 19:09:58     -172.769669        0.167307
BFGS:   47 19:09:59     -172.775513        0.355490
BFGS:   48 19:09:59     -172.780563        0.830491
BFGS:   49 19:09:59     -172.781525        1.411634
BFGS:   50 19:10:00     -172.803635        1.164349
BFGS:   51 19:10:00     -172.934189        1.662871
BFGS:   52 19:10:00     -173.200211        1.730430
BFGS:   53 19:10:01     -173.214569        2.321432
BFGS:   54 19:10:01     -173.314285        2.836592
BFGS:   55 19:10:01     -173.452148        1.872402
BFGS:   56 19:10:02     -173.564056        0.990409
BFGS:   57 19:10:02     -173.612732        1.753288
BFGS:   58 19:10:03     -173.675888        0.353052
BFGS:   59 19:10:03     -173.683640        0.251246
BFGS:   60 19:10:04     -173.690384        0.221207
BFGS:   61 19:10:04     -173.695465        0.173496
BFGS:   62 19:10:04     -173.699768        0.187133
BFGS:   63 19:10:04     -173.701874        0.072122
BFGS:   64 19:10:05     -173.702850        0.070114
BFGS:   65 19:10:05     -173.703461        0.059962
BFGS:   66 19:10:05     -173.704285        0.056931
BFGS:   67 19:10:06     -173.705002        0.054928
BFGS:   68 19:10:06     -173.705521        0.046752
