      Step     Time          Energy          fmax
BFGS:    0 23:07:02     -205.857896        0.781797
BFGS:    1 23:07:05     -205.891551        0.571663
BFGS:    2 23:07:07     -205.950072        0.733038
BFGS:    3 23:07:10     -205.985181        0.843340
BFGS:    4 23:07:13     -206.021020        0.605986
BFGS:    5 23:07:16     -206.038356        0.384279
BFGS:    6 23:07:19     -206.053336        0.528982
BFGS:    7 23:07:21     -206.080489        0.869617
BFGS:    8 23:07:24     -206.133925        1.186877
BFGS:    9 23:07:27     -206.211146        1.171291
BFGS:   10 23:07:30     -206.274777        0.730470
BFGS:   11 23:07:33     -206.311608        0.429104
BFGS:   12 23:07:35     -206.340152        0.567753
BFGS:   13 23:07:38     -206.369164        0.716757
BFGS:   14 23:07:41     -206.395194        0.532490
BFGS:   15 23:07:43     -206.409386        0.202707
BFGS:   16 23:07:46     -206.413342        0.149237
BFGS:   17 23:07:49     -206.416287        0.177314
BFGS:   18 23:07:51     -206.420361        0.212689
BFGS:   19 23:07:54     -206.423007        0.123839
BFGS:   20 23:07:57     -206.423999        0.065063
BFGS:   21 23:07:59     -206.424351        0.037155
