      Step     Time          Energy          fmax
BFGS:    0 21:54:02     -204.204394        7.093945
BFGS:    1 21:54:05     -205.018903        2.841897
BFGS:    2 21:54:08     -205.355695        1.292137
BFGS:    3 21:54:11     -205.545840        0.965818
BFGS:    4 21:54:14     -205.648679        1.676012
BFGS:    5 21:54:17     -205.825047        2.200647
BFGS:    6 21:54:20     -206.200480        2.431322
BFGS:    7 21:54:22     -206.256869        2.254811
BFGS:    8 21:54:25     -206.521172        1.414408
BFGS:    9 21:54:28     -206.687413        0.487478
BFGS:   10 21:54:31     -206.791379        1.042749
BFGS:   11 21:54:34     -206.836688        1.218841
BFGS:   12 21:54:37     -206.905385        0.828564
BFGS:   13 21:54:39     -206.923978        0.617771
BFGS:   14 21:54:42     -206.946690        0.511847
BFGS:   15 21:54:45     -206.966191        0.540423
BFGS:   16 21:54:48     -206.981576        0.396175
BFGS:   17 21:54:50     -206.989562        0.191861
BFGS:   18 21:54:53     -206.992642        0.044070
