      Step     Time          Energy          fmax
BFGS:    0 20:14:43     -172.569199        0.264334
BFGS:    1 20:14:43     -172.571762        0.126950
BFGS:    2 20:14:43     -172.572968        0.103968
BFGS:    3 20:14:43     -172.574097        0.100335
BFGS:    4 20:14:44     -172.575073        0.089946
BFGS:    5 20:14:44     -172.575439        0.046041
      Step     Time          Energy          fmax
BFGS:    0 20:15:42     -172.569199        0.264335
BFGS:    1 20:15:42     -172.571762        0.126948
BFGS:    2 20:15:42     -172.572968        0.103969
BFGS:    3 20:15:43     -172.574097        0.100319
BFGS:    4 20:15:43     -172.575073        0.090016
BFGS:    5 20:15:43     -172.575439        0.045992
      Step     Time          Energy          fmax
BFGS:    0 20:15:40     -172.569199        0.264334
BFGS:    1 20:15:41     -172.571762        0.126949
BFGS:    2 20:15:41     -172.572968        0.103969
BFGS:    3 20:15:41     -172.574097        0.100297
BFGS:    4 20:15:42     -172.575073        0.090015
BFGS:    5 20:15:42     -172.575439        0.046004
      Step     Time          Energy          fmax
BFGS:    0 20:30:15     -172.569199        0.264335
BFGS:    1 20:30:15     -172.571762        0.126948
BFGS:    2 20:30:15     -172.572968        0.103969
BFGS:    3 20:30:16     -172.574097        0.100319
BFGS:    4 20:30:16     -172.575073        0.090016
BFGS:    5 20:30:16     -172.575439        0.045992
      Step     Time          Energy          fmax
BFGS:    0 20:33:34     -172.569199        0.264334
BFGS:    1 20:33:34     -172.571762        0.126949
BFGS:    2 20:33:34     -172.572968        0.103969
BFGS:    3 20:33:35     -172.574097        0.100297
BFGS:    4 20:33:35     -172.575073        0.090015
BFGS:    5 20:33:35     -172.575439        0.046004
      Step     Time          Energy          fmax
BFGS:    0 20:46:20     -172.569199        0.264334
BFGS:    1 20:46:20     -172.571762        0.126950
BFGS:    2 20:46:21     -172.572968        0.103968
BFGS:    3 20:46:21     -172.574097        0.100335
BFGS:    4 20:46:21     -172.575073        0.089946
BFGS:    5 20:46:22     -172.575439        0.046041
      Step     Time          Energy          fmax
BFGS:    0 02:45:39     -172.569199        0.264335
BFGS:    1 02:45:40     -172.571762        0.126948
BFGS:    2 02:45:40     -172.572968        0.103969
BFGS:    3 02:45:40     -172.574097        0.100319
BFGS:    4 02:45:41     -172.575073        0.090016
BFGS:    5 02:45:41     -172.575439        0.045992
