      Step     Time          Energy          fmax
BFGS:    0 19:05:20     -172.569199        0.264328
BFGS:    1 19:05:20     -172.571762        0.126950
BFGS:    2 19:05:20     -172.572968        0.103968
BFGS:    3 19:05:20     -172.574097        0.100323
BFGS:    4 19:05:21     -172.575073        0.090007
BFGS:    5 19:05:21     -172.575439        0.045973
      Step     Time          Energy          fmax
BFGS:    0 19:05:45     -172.569199        0.264329
BFGS:    1 19:05:45     -172.571762        0.126950
BFGS:    2 19:05:45     -172.572968        0.103968
BFGS:    3 19:05:45     -172.574097        0.100293
BFGS:    4 19:05:46     -172.575073        0.090029
BFGS:    5 19:05:46     -172.575424        0.045992
      Step     Time          Energy          fmax
BFGS:    0 19:18:15     -172.569199        0.264328
BFGS:    1 19:18:16     -172.571762        0.126950
BFGS:    2 19:18:16     -172.572968        0.103969
BFGS:    3 19:18:16     -172.574097        0.100293
BFGS:    4 19:18:16     -172.575073        0.090038
BFGS:    5 19:18:17     -172.575424        0.045983
      Step     Time          Energy          fmax
BFGS:    0 19:29:57     -172.569199        0.264329
BFGS:    1 19:29:57     -172.571762        0.126950
BFGS:    2 19:29:57     -172.572968        0.103968
BFGS:    3 19:29:58     -172.574097        0.100293
BFGS:    4 19:29:58     -172.575073        0.090029
BFGS:    5 19:29:58     -172.575424        0.045992
      Step     Time          Energy          fmax
BFGS:    0 19:35:51     -172.569199        0.264328
BFGS:    1 19:35:51     -172.571762        0.126950
BFGS:    2 19:35:51     -172.572968        0.103968
BFGS:    3 19:35:52     -172.574097        0.100323
BFGS:    4 19:35:52     -172.575073        0.090007
BFGS:    5 19:35:53     -172.575439        0.045973
      Step     Time          Energy          fmax
BFGS:    0 19:36:12     -172.569199        0.264328
BFGS:    1 19:36:13     -172.571762        0.126950
BFGS:    2 19:36:13     -172.572968        0.103969
BFGS:    3 19:36:13     -172.574097        0.100293
BFGS:    4 19:36:13     -172.575073        0.090038
BFGS:    5 19:36:13     -172.575424        0.045983
      Step     Time          Energy          fmax
BFGS:    0 01:35:19     -172.569199        0.264329
BFGS:    1 01:35:20     -172.571762        0.126950
BFGS:    2 01:35:20     -172.572968        0.103968
BFGS:    3 01:35:20     -172.574097        0.100293
BFGS:    4 01:35:20     -172.575073        0.090029
BFGS:    5 01:35:21     -172.575424        0.045992
