      Step     Time          Energy          fmax
BFGS:    0 21:38:12     -172.572372        0.273195
BFGS:    1 21:38:13     -172.575058        0.106687
BFGS:    2 21:38:13     -172.576324        0.081685
BFGS:    3 21:38:13     -172.577530        0.111867
BFGS:    4 21:38:13     -172.578552        0.094841
BFGS:    5 21:38:13     -172.578979        0.049809
      Step     Time          Energy          fmax
BFGS:    0 21:53:37     -172.572372        0.273195
BFGS:    1 21:53:38     -172.575058        0.106686
BFGS:    2 21:53:39     -172.576324        0.081685
BFGS:    3 21:53:39     -172.577530        0.111888
BFGS:    4 21:53:39     -172.578552        0.094822
BFGS:    5 21:53:40     -172.578964        0.049840
      Step     Time          Energy          fmax
BFGS:    0 21:54:23     -172.572372        0.273196
BFGS:    1 21:54:23     -172.575058        0.106687
BFGS:    2 21:54:23     -172.576324        0.081685
BFGS:    3 21:54:24     -172.577530        0.111889
BFGS:    4 21:54:24     -172.578552        0.094810
BFGS:    5 21:54:25     -172.578979        0.049841
      Step     Time          Energy          fmax
BFGS:    0 21:54:30     -172.572372        0.273195
BFGS:    1 21:54:31     -172.575058        0.106687
BFGS:    2 21:54:31     -172.576324        0.081685
BFGS:    3 21:54:31     -172.577530        0.111867
BFGS:    4 21:54:32     -172.578552        0.094841
BFGS:    5 21:54:32     -172.578979        0.049809
      Step     Time          Energy          fmax
BFGS:    0 22:09:32     -172.572372        0.273196
BFGS:    1 22:09:32     -172.575058        0.106687
BFGS:    2 22:09:33     -172.576324        0.081685
BFGS:    3 22:09:33     -172.577530        0.111889
BFGS:    4 22:09:33     -172.578552        0.094810
BFGS:    5 22:09:33     -172.578979        0.049841
      Step     Time          Energy          fmax
BFGS:    0 04:24:52     -172.572372        0.273196
BFGS:    1 04:24:52     -172.575058        0.106687
BFGS:    2 04:24:53     -172.576324        0.081685
BFGS:    3 04:24:53     -172.577530        0.111889
BFGS:    4 04:24:53     -172.578552        0.094810
BFGS:    5 04:24:53     -172.578979        0.049841
