      Step     Time          Energy          fmax
BFGS:    0 19:43:36     -172.570862        0.262744
BFGS:    1 19:43:36     -172.573486        0.101937
BFGS:    2 19:43:36     -172.574677        0.078287
BFGS:    3 19:43:37     -172.575806        0.106649
BFGS:    4 19:43:37     -172.576782        0.090884
BFGS:    5 19:43:37     -172.577164        0.047374
      Step     Time          Energy          fmax
BFGS:    0 19:44:22     -172.570877        0.262745
BFGS:    1 19:44:24     -172.573486        0.101937
BFGS:    2 19:44:24     -172.574677        0.078287
BFGS:    3 19:44:24     -172.575806        0.106649
BFGS:    4 19:44:25     -172.576782        0.090884
BFGS:    5 19:44:25     -172.577164        0.047333
      Step     Time          Energy          fmax
BFGS:    0 19:49:52     -172.570877        0.262744
BFGS:    1 19:49:52     -172.573486        0.101937
BFGS:    2 19:49:52     -172.574677        0.078287
BFGS:    3 19:49:53     -172.575806        0.106666
BFGS:    4 19:49:53     -172.576782        0.090883
BFGS:    5 19:49:53     -172.577164        0.047334
      Step     Time          Energy          fmax
BFGS:    0 20:01:02     -172.570877        0.262745
BFGS:    1 20:01:02     -172.573486        0.101937
BFGS:    2 20:01:03     -172.574677        0.078287
BFGS:    3 20:01:03     -172.575806        0.106649
BFGS:    4 20:01:03     -172.576782        0.090884
BFGS:    5 20:01:03     -172.577164        0.047333
      Step     Time          Energy          fmax
BFGS:    0 20:08:13     -172.570877        0.262744
BFGS:    1 20:08:14     -172.573486        0.101937
BFGS:    2 20:08:14     -172.574677        0.078287
BFGS:    3 20:08:14     -172.575806        0.106666
BFGS:    4 20:08:15     -172.576782        0.090883
BFGS:    5 20:08:15     -172.577164        0.047334
      Step     Time          Energy          fmax
BFGS:    0 20:14:49     -172.570862        0.262744
BFGS:    1 20:14:49     -172.573486        0.101937
BFGS:    2 20:14:49     -172.574677        0.078287
BFGS:    3 20:14:50     -172.575806        0.106649
BFGS:    4 20:14:50     -172.576782        0.090884
BFGS:    5 20:14:50     -172.577164        0.047374
      Step     Time          Energy          fmax
BFGS:    0 02:14:03     -172.570877        0.262745
BFGS:    1 02:14:04     -172.573486        0.101937
BFGS:    2 02:14:04     -172.574677        0.078287
BFGS:    3 02:14:04     -172.575806        0.106649
BFGS:    4 02:14:04     -172.576782        0.090884
BFGS:    5 02:14:05     -172.577164        0.047333
