      Step     Time          Energy          fmax
BFGS:    0 21:38:14     -172.594391        0.294140
BFGS:    1 21:38:14     -172.597748        0.114865
BFGS:    2 21:38:14     -172.599075        0.094239
BFGS:    3 21:38:15     -172.600357        0.098980
BFGS:    4 21:38:15     -172.601486        0.084985
BFGS:    5 21:38:15     -172.601898        0.030394
      Step     Time          Energy          fmax
BFGS:    0 21:53:40     -172.594391        0.294140
BFGS:    1 21:53:40     -172.597748        0.114865
BFGS:    2 21:53:41     -172.599075        0.094240
BFGS:    3 21:53:41     -172.600357        0.098974
BFGS:    4 21:53:41     -172.601486        0.084988
BFGS:    5 21:53:41     -172.601883        0.030362
      Step     Time          Energy          fmax
BFGS:    0 21:54:25     -172.594391        0.294141
BFGS:    1 21:54:25     -172.597748        0.114865
BFGS:    2 21:54:25     -172.599075        0.094239
BFGS:    3 21:54:26     -172.600357        0.098980
BFGS:    4 21:54:26     -172.601486        0.084986
BFGS:    5 21:54:27     -172.601898        0.030394
      Step     Time          Energy          fmax
BFGS:    0 21:54:32     -172.594391        0.294140
BFGS:    1 21:54:32     -172.597748        0.114865
BFGS:    2 21:54:32     -172.599075        0.094239
BFGS:    3 21:54:33     -172.600357        0.098980
BFGS:    4 21:54:33     -172.601486        0.084985
BFGS:    5 21:54:33     -172.601898        0.030394
      Step     Time          Energy          fmax
BFGS:    0 22:09:34     -172.594391        0.294141
BFGS:    1 22:09:34     -172.597748        0.114865
BFGS:    2 22:09:35     -172.599075        0.094239
BFGS:    3 22:09:35     -172.600357        0.098980
BFGS:    4 22:09:35     -172.601486        0.084986
BFGS:    5 22:09:36     -172.601898        0.030394
      Step     Time          Energy          fmax
BFGS:    0 04:24:54     -172.594391        0.294141
BFGS:    1 04:24:54     -172.597748        0.114865
BFGS:    2 04:24:54     -172.599075        0.094239
BFGS:    3 04:24:55     -172.600357        0.098980
BFGS:    4 04:24:55     -172.601486        0.084986
BFGS:    5 04:24:55     -172.601898        0.030394
