      Step     Time          Energy          fmax
BFGS:    0 19:57:14     -172.592133        0.283551
BFGS:    1 19:57:15     -172.595428        0.110906
BFGS:    2 19:57:15     -172.596695        0.091338
BFGS:    3 19:57:15     -172.597931        0.097260
BFGS:    4 19:57:15     -172.599030        0.086844
BFGS:    5 19:57:16     -172.599426        0.031351
      Step     Time          Energy          fmax
BFGS:    0 19:58:12     -172.592133        0.283552
BFGS:    1 19:58:13     -172.595428        0.110905
BFGS:    2 19:58:14     -172.596695        0.091338
BFGS:    3 19:58:14     -172.597931        0.097257
BFGS:    4 19:58:14     -172.599030        0.086881
BFGS:    5 19:58:15     -172.599426        0.031297
      Step     Time          Energy          fmax
BFGS:    0 20:00:58     -172.592133        0.283551
BFGS:    1 20:00:58     -172.595428        0.110906
BFGS:    2 20:00:58     -172.596695        0.091338
BFGS:    3 20:00:58     -172.597931        0.097256
BFGS:    4 20:00:58     -172.599030        0.086838
BFGS:    5 20:00:59     -172.599426        0.031355
      Step     Time          Energy          fmax
BFGS:    0 20:12:31     -172.592133        0.283552
BFGS:    1 20:12:31     -172.595428        0.110905
BFGS:    2 20:12:31     -172.596695        0.091338
BFGS:    3 20:12:31     -172.597931        0.097257
BFGS:    4 20:12:32     -172.599030        0.086881
BFGS:    5 20:12:32     -172.599426        0.031297
      Step     Time          Energy          fmax
BFGS:    0 20:19:04     -172.592133        0.283551
BFGS:    1 20:19:04     -172.595428        0.110906
BFGS:    2 20:19:04     -172.596695        0.091338
BFGS:    3 20:19:04     -172.597931        0.097256
BFGS:    4 20:19:04     -172.599030        0.086838
BFGS:    5 20:19:05     -172.599426        0.031355
      Step     Time          Energy          fmax
BFGS:    0 20:28:41     -172.592133        0.283551
BFGS:    1 20:28:41     -172.595428        0.110906
BFGS:    2 20:28:41     -172.596695        0.091338
BFGS:    3 20:28:41     -172.597931        0.097260
BFGS:    4 20:28:42     -172.599030        0.086844
BFGS:    5 20:28:42     -172.599426        0.031351
      Step     Time          Energy          fmax
BFGS:    0 02:27:56     -172.592133        0.283552
BFGS:    1 02:27:56     -172.595428        0.110905
BFGS:    2 02:27:57     -172.596695        0.091338
BFGS:    3 02:27:57     -172.597931        0.097257
BFGS:    4 02:27:57     -172.599030        0.086881
BFGS:    5 02:27:57     -172.599426        0.031297
