DeprecationWarning: 'source deactivate' is deprecated. Use 'conda deactivate'.

CondaError: Run 'conda init' before 'conda deactivate'


CondaError: Run 'conda init' before 'conda activate'

/projects/westgroup/lekia.p/miniforge3/envs/pynta_fairchem/lib/python3.9/site-packages/pandas/core/computation/expressions.py:21: UserWarning: Pandas requires version '2.8.4' or newer of 'numexpr' (version '2.7.3' currently installed).
/projects/westgroup/lekia.p/miniforge3/envs/pynta_fairchem/lib/python3.9/site-packages/torchtnt/utils/version.py:12: UserWarning: pkg_resources is deprecated as an API. See https://setuptools.pypa.io/en/latest/pkg_resources.html. The pkg_resources package is slated for removal as early as 2025-11-30. Refrain from using this package or pin to Setuptools<81.
/projects/westgroup/lekia.p/fairchem/src/fairchem/core/models/uma/escn_md.py:130: FutureWarning: You are using `torch.load` with `weights_only=False` (the current default value), which uses the default pickle module implicitly. It is possible to construct malicious pickle data which will execute arbitrary code during unpickling (See https://github.com/pytorch/pytorch/blob/main/SECURITY.md#untrusted-models for more details). In a future release, the default value for `weights_only` will be flipped to `True`. This limits the functions that could be executed during unpickling. Arbitrary objects will no longer be allowed to be loaded via this mode unless they are explicitly allowlisted by the user via `torch.serialization.add_safe_globals`. We recommend you start setting `weights_only=True` for any use case where you don't have full control of the loaded file. Please open an issue on GitHub for any issues related to this experimental feature.
/projects/westgroup/lekia.p/miniforge3/envs/pynta_fairchem/lib/python3.9/site-packages/torch/utils/checkpoint.py:1399: FutureWarning: `torch.cpu.amp.autocast(args...)` is deprecated. Please use `torch.amp.autocast('cpu', args...)` instead.
Number of atoms: 5
      Step     Time          Energy          fmax
BFGS:    0 23:07:30      -23.986698        0.357848
BFGS:    1 23:07:30      -23.992254        0.186398
BFGS:    2 23:07:30      -23.994374        0.005201
/projects/westgroup/lekia.p/miniforge3/envs/pynta_fairchem/lib/python3.9/site-packages/ase/io/extxyz.py:311: UserWarning: Skipping unhashable information adsorbate_info
Clean slab energy: -137.411 eV

      Step     Time          Energy          fmax
BFGS:    0 23:07:31     -137.411289        0.246246
BFGS:    1 23:07:32     -137.426234        0.225783
BFGS:    2 23:07:33     -137.510296        0.024472
Number of atoms: 5
      Step     Time          Energy          fmax
BFGS:    0 23:07:33      -23.986698        0.357848
BFGS:    1 23:07:33      -23.992254        0.186398
BFGS:    2 23:07:34      -23.994374        0.005201
Clean slab energy: -137.411 eV

      Step     Time          Energy          fmax
BFGS:    0 23:07:35     -137.411291        0.246246
BFGS:    1 23:07:35     -137.426234        0.225783
BFGS:    2 23:07:36     -137.510296        0.024472
/projects/westgroup/lekia.p/miniforge3/envs/pynta_fairchem/lib/python3.9/site-packages/torch/utils/checkpoint.py:1399: FutureWarning: `torch.cpu.amp.autocast(args...)` is deprecated. Please use `torch.amp.autocast('cpu', args...)` instead.
Total number of sites found: 54
Site density: 8.79e+19 molecules/m^2

Unique single sites: 4
Unique site pairs: 71
Site 3: ontop at position [ 5.61442775  4.8622372  24.62649031]
      Step     Time          Energy          fmax
BFGS:    0 23:07:37      -23.994374        0.005201
/projects/westgroup/lekia.p/miniforge3/envs/pynta_fairchem/lib/python3.9/site-packages/ase/io/extxyz.py:311: UserWarning: Skipping unhashable information adsorbate_info
slurmstepd: error: *** JOB 2714284 ON c3044 CANCELLED AT 2025-11-11T23:21:16 ***
