      Step     Time          Energy          fmax
BFGS:    0 04:12:08     -161.155233        0.575611
BFGS:    1 04:12:08     -161.160664        0.209047
BFGS:    2 04:12:09     -161.168810        0.291936
BFGS:    3 04:12:09     -161.179636        0.384126
BFGS:    4 04:12:10     -161.186693        0.271986
BFGS:    5 04:12:10     -161.191600        0.228425
BFGS:    6 04:12:11     -161.196294        0.254234
BFGS:    7 04:12:11     -161.204088        0.520303
BFGS:    8 04:12:12     -161.217032        0.705038
BFGS:    9 04:12:12     -161.234591        0.657597
BFGS:   10 04:12:13     -161.252284        0.383693
BFGS:   11 04:12:13     -161.270558        0.375795
BFGS:   12 04:12:14     -161.294970        0.639580
BFGS:   13 04:12:14     -161.329291        0.899320
BFGS:   14 04:12:15     -161.373700        0.915248
BFGS:   15 04:12:15     -161.412793        0.653453
BFGS:   16 04:12:16     -161.440810        0.293665
BFGS:   17 04:12:16     -161.452259        0.240384
BFGS:   18 04:12:17     -161.458084        0.289124
BFGS:   19 04:12:17     -161.468628        0.265754
BFGS:   20 04:12:18     -161.474821        0.247797
BFGS:   21 04:12:18     -161.478995        0.137601
BFGS:   22 04:12:19     -161.480242        0.086432
BFGS:   23 04:12:19     -161.481262        0.081347
BFGS:   24 04:12:20     -161.482413        0.116230
BFGS:   25 04:12:20     -161.483132        0.102367
BFGS:   26 04:12:21     -161.483544        0.038327
