      Step     Time          Energy          fmax
BFGS:    0 03:20:39     -152.350283       23.072577
BFGS:    1 03:20:40     -156.595717        5.394871
BFGS:    2 03:20:40     -157.758031        2.459232
BFGS:    3 03:20:41     -158.292739        1.615192
BFGS:    4 03:20:42     -158.481871        1.293697
BFGS:    5 03:20:42     -158.618790        1.073348
BFGS:    6 03:20:43     -158.822886        1.226488
BFGS:    7 03:20:43     -159.058074        1.639033
BFGS:    8 03:20:44     -159.298949        1.651069
BFGS:    9 03:20:44     -159.489867        1.355486
BFGS:   10 03:20:45     -159.737518        1.392680
BFGS:   11 03:20:45     -159.977583        1.152496
BFGS:   12 03:20:46     -160.161499        1.024441
BFGS:   13 03:20:47     -160.331177        1.322203
BFGS:   14 03:20:47     -160.531868        1.443692
BFGS:   15 03:20:48     -160.787872        1.428198
BFGS:   16 03:20:48     -160.961488        1.357450
BFGS:   17 03:20:49     -161.082900        0.782087
BFGS:   18 03:20:49     -161.176289        0.753136
BFGS:   19 03:20:50     -161.248518        0.682468
BFGS:   20 03:20:50     -161.306745        0.543181
BFGS:   21 03:20:51     -161.353877        0.476122
BFGS:   22 03:20:51     -161.391172        0.472975
BFGS:   23 03:20:52     -161.420227        0.430128
BFGS:   24 03:20:52     -161.439151        0.334391
BFGS:   25 03:20:53     -161.452639        0.243073
BFGS:   26 03:20:53     -161.459952        0.204739
BFGS:   27 03:20:54     -161.463392        0.172632
BFGS:   28 03:20:54     -161.466058        0.089545
BFGS:   29 03:20:55     -161.468938        0.088472
BFGS:   30 03:20:55     -161.471606        0.122831
BFGS:   31 03:20:56     -161.473629        0.098421
BFGS:   32 03:20:56     -161.474870        0.073827
BFGS:   33 03:20:57     -161.475930        0.068238
BFGS:   34 03:20:57     -161.477187        0.082354
BFGS:   35 03:20:58     -161.478263        0.107442
BFGS:   36 03:20:58     -161.478773        0.051412
BFGS:   37 03:20:59     -161.479404        0.042337
