      Step     Time          Energy          fmax
BFGS:    0 05:52:41     -161.155028        0.576033
BFGS:    1 05:52:41     -161.160459        0.210714
BFGS:    2 05:52:42     -161.168649        0.293198
BFGS:    3 05:52:42     -161.179515        0.385126
BFGS:    4 05:52:43     -161.186587        0.269007
BFGS:    5 05:52:43     -161.191492        0.227747
BFGS:    6 05:52:44     -161.196209        0.255415
BFGS:    7 05:52:44     -161.204050        0.523746
BFGS:    8 05:52:45     -161.217061        0.709720
BFGS:    9 05:52:45     -161.234650        0.661670
BFGS:   10 05:52:46     -161.252278        0.385107
BFGS:   11 05:52:46     -161.270532        0.373958
BFGS:   12 05:52:47     -161.295019        0.644595
BFGS:   13 05:52:47     -161.329509        0.902794
BFGS:   14 05:52:48     -161.373874        0.914457
BFGS:   15 05:52:48     -161.412945        0.650164
BFGS:   16 05:52:49     -161.440750        0.293052
BFGS:   17 05:52:49     -161.452301        0.239329
BFGS:   18 05:52:50     -161.458072        0.287220
BFGS:   19 05:52:50     -161.468690        0.265032
BFGS:   20 05:52:51     -161.474835        0.248746
BFGS:   21 05:52:51     -161.478981        0.139976
BFGS:   22 05:52:52     -161.480211        0.085769
BFGS:   23 05:52:52     -161.481211        0.081250
BFGS:   24 05:52:53     -161.482349        0.112705
BFGS:   25 05:52:53     -161.482998        0.111117
BFGS:   26 05:52:54     -161.483509        0.050865
BFGS:   27 05:52:54     -161.483627        0.012730
