      Step     Time          Energy          fmax
BFGS:    0 08:45:10     -161.144229        0.487025
BFGS:    1 08:45:10     -161.149285        0.226344
BFGS:    2 08:45:11     -161.161504        0.304835
BFGS:    3 08:45:11     -161.172948        0.408464
BFGS:    4 08:45:12     -161.180043        0.232697
BFGS:    5 08:45:12     -161.184566        0.231326
BFGS:    6 08:45:13     -161.190422        0.372920
BFGS:    7 08:45:14     -161.200966        0.715704
BFGS:    8 08:45:14     -161.218251        0.946779
BFGS:    9 08:45:15     -161.239292        0.831989
BFGS:   10 08:45:15     -161.258625        0.408412
BFGS:   11 08:45:16     -161.279319        0.393486
BFGS:   12 08:45:16     -161.308937        0.675266
BFGS:   13 08:45:17     -161.349250        0.962174
BFGS:   14 08:45:17     -161.393462        0.862316
BFGS:   15 08:45:18     -161.427107        0.418849
BFGS:   16 08:45:18     -161.443930        0.197039
BFGS:   17 08:45:19     -161.450947        0.279546
BFGS:   18 08:45:19     -161.462074        0.336224
BFGS:   19 08:45:20     -161.471644        0.251235
BFGS:   20 08:45:20     -161.478198        0.194717
BFGS:   21 08:45:21     -161.480098        0.105348
BFGS:   22 08:45:21     -161.481430        0.096495
BFGS:   23 08:45:22     -161.482070        0.084431
BFGS:   24 08:45:22     -161.483017        0.075997
BFGS:   25 08:45:23     -161.483311        0.039497
