      Step     Time          Energy          fmax
BFGS:    0 01:13:52     -158.711209        3.724751
BFGS:    1 01:13:52     -159.189570        2.276769
BFGS:    2 01:13:53     -159.631546        1.045503
BFGS:    3 01:13:53     -159.773377        0.988298
BFGS:    4 01:13:54     -159.840157        0.847166
BFGS:    5 01:13:54     -159.915740        0.957016
BFGS:    6 01:13:55     -160.021371        1.283910
BFGS:    7 01:13:55     -160.156215        1.441525
BFGS:    8 01:13:56     -160.344892        1.281625
BFGS:    9 01:13:57     -160.530101        1.267855
BFGS:   10 01:13:57     -160.670687        1.053026
BFGS:   11 01:13:58     -160.795009        0.981431
BFGS:   12 01:13:58     -160.939227        1.080653
BFGS:   13 01:13:59     -161.084591        0.828955
BFGS:   14 01:13:59     -161.190883        0.745781
BFGS:   15 01:14:00     -161.269260        0.538367
BFGS:   16 01:14:00     -161.327223        0.457330
BFGS:   17 01:14:01     -161.370434        0.525446
BFGS:   18 01:14:01     -161.405101        0.486443
BFGS:   19 01:14:02     -161.433104        0.403565
BFGS:   20 01:14:02     -161.453691        0.287551
BFGS:   21 01:14:03     -161.467380        0.145312
BFGS:   22 01:14:03     -161.474166        0.129703
BFGS:   23 01:14:04     -161.476401        0.154326
BFGS:   24 01:14:04     -161.478765        0.114502
BFGS:   25 01:14:05     -161.480634        0.058712
BFGS:   26 01:14:05     -161.481218        0.051343
BFGS:   27 01:14:06     -161.481593        0.039895
