      Step     Time          Energy          fmax
BFGS:    0 06:22:46     -161.143649        0.485532
BFGS:    1 06:22:47     -161.148720        0.228349
BFGS:    2 06:22:47     -161.161077        0.305820
BFGS:    3 06:22:48     -161.172568        0.408961
BFGS:    4 06:22:48     -161.179664        0.232427
BFGS:    5 06:22:49     -161.184170        0.230334
BFGS:    6 06:22:49     -161.190008        0.375205
BFGS:    7 06:22:50     -161.200533        0.718359
BFGS:    8 06:22:50     -161.217864        0.950950
BFGS:    9 06:22:51     -161.239087        0.837938
BFGS:   10 06:22:51     -161.258644        0.412287
BFGS:   11 06:22:52     -161.279478        0.394516
BFGS:   12 06:22:52     -161.309184        0.672888
BFGS:   13 06:22:53     -161.349462        0.961114
BFGS:   14 06:22:53     -161.393714        0.860413
BFGS:   15 06:22:54     -161.427290        0.416242
BFGS:   16 06:22:54     -161.444047        0.196464
BFGS:   17 06:22:55     -161.451122        0.281596
BFGS:   18 06:22:55     -161.462305        0.340420
BFGS:   19 06:22:56     -161.471807        0.252613
BFGS:   20 06:22:56     -161.478349        0.191872
BFGS:   21 06:22:57     -161.480190        0.103827
BFGS:   22 06:22:57     -161.481526        0.096293
BFGS:   23 06:22:58     -161.482171        0.083919
BFGS:   24 06:22:58     -161.483111        0.075636
BFGS:   25 06:22:59     -161.483393        0.038513
