      Step     Time          Energy          fmax
BFGS:    0 10:10:29     -161.154392        0.554538
BFGS:    1 10:10:30     -161.159668        0.208925
BFGS:    2 10:10:30     -161.168280        0.280865
BFGS:    3 10:10:31     -161.179192        0.387143
BFGS:    4 10:10:31     -161.186219        0.249738
BFGS:    5 10:10:32     -161.191002        0.231155
BFGS:    6 10:10:33     -161.195869        0.278258
BFGS:    7 10:10:33     -161.204190        0.563669
BFGS:    8 10:10:34     -161.218175        0.769638
BFGS:    9 10:10:34     -161.237058        0.722384
BFGS:   10 10:10:35     -161.255615        0.412748
BFGS:   11 10:10:35     -161.274234        0.367657
BFGS:   12 10:10:36     -161.298854        0.593758
BFGS:   13 10:10:36     -161.332972        0.839355
BFGS:   14 10:10:37     -161.376677        0.851340
BFGS:   15 10:10:37     -161.415247        0.586952
BFGS:   16 10:10:38     -161.441468        0.279683
BFGS:   17 10:10:38     -161.452485        0.259017
BFGS:   18 10:10:39     -161.459551        0.314680
BFGS:   19 10:10:39     -161.469834        0.258884
BFGS:   20 10:10:40     -161.477544        0.229027
BFGS:   21 10:10:40     -161.480563        0.131954
BFGS:   22 10:10:41     -161.481586        0.083281
BFGS:   23 10:10:41     -161.482366        0.069374
BFGS:   24 10:10:42     -161.482928        0.080112
BFGS:   25 10:10:42     -161.483418        0.057864
BFGS:   26 10:10:43     -161.483562        0.023343
