      Step     Time          Energy          fmax
BFGS:    0 06:04:18     -160.530593        1.300228
BFGS:    1 06:04:19     -160.569985        0.628464
BFGS:    2 06:04:19     -160.636760        0.683495
BFGS:    3 06:04:20     -160.692754        0.732030
BFGS:    4 06:04:20     -160.722777        0.517982
BFGS:    5 06:04:21     -160.741931        0.394303
BFGS:    6 06:04:21     -160.762550        0.746972
BFGS:    7 06:04:22     -160.797968        1.199342
BFGS:    8 06:04:22     -160.862386        1.423285
BFGS:    9 06:04:23     -160.953860        1.051523
BFGS:   10 06:04:23     -161.035863        0.671891
BFGS:   11 06:04:24     -161.099900        0.551581
BFGS:   12 06:04:25     -161.163250        0.732609
BFGS:   13 06:04:25     -161.232262        0.951542
BFGS:   14 06:04:26     -161.307719        0.875063
BFGS:   15 06:04:26     -161.368975        0.580350
BFGS:   16 06:04:27     -161.409700        0.311433
BFGS:   17 06:04:27     -161.426197        0.246487
BFGS:   18 06:04:28     -161.438576        0.276709
BFGS:   19 06:04:28     -161.456485        0.379207
BFGS:   20 06:04:29     -161.469646        0.312302
BFGS:   21 06:04:29     -161.476053        0.128574
BFGS:   22 06:04:30     -161.477798        0.093073
BFGS:   23 06:04:30     -161.479423        0.106061
BFGS:   24 06:04:31     -161.480844        0.137420
BFGS:   25 06:04:31     -161.481762        0.089671
BFGS:   26 06:04:32     -161.482000        0.023194
