      Step     Time          Energy          fmax
BFGS:    0 02:41:30     -159.099936        3.035534
BFGS:    1 02:41:31     -159.352680        1.409069
BFGS:    2 02:41:31     -159.603445        1.097881
BFGS:    3 02:41:32     -159.749649        1.201549
BFGS:    4 02:41:33     -159.825922        1.065929
BFGS:    5 02:41:33     -159.898213        0.649737
BFGS:    6 02:41:34     -159.955735        1.233071
BFGS:    7 02:41:34     -160.027716        1.437486
BFGS:    8 02:41:35     -160.149816        1.153719
BFGS:    9 02:41:35     -160.334046        1.715592
BFGS:   10 02:41:36     -160.545769        1.509375
BFGS:   11 02:41:36     -160.714265        0.774871
BFGS:   12 02:41:37     -160.841280        0.673703
BFGS:   13 02:41:37     -160.962865        0.971149
BFGS:   14 02:41:38     -161.083211        1.197363
BFGS:   15 02:41:39     -161.191505        1.068293
BFGS:   16 02:41:39     -161.283177        0.682610
BFGS:   17 02:41:40     -161.344461        0.440994
BFGS:   18 02:41:40     -161.371231        0.410171
BFGS:   19 02:41:41     -161.394266        0.508120
BFGS:   20 02:41:41     -161.430750        0.452994
BFGS:   21 02:41:42     -161.450130        0.207313
BFGS:   22 02:41:42     -161.458105        0.127372
BFGS:   23 02:41:43     -161.460690        0.113778
BFGS:   24 02:41:43     -161.463085        0.121053
BFGS:   25 02:41:44     -161.465996        0.087349
BFGS:   26 02:41:44     -161.468214        0.044586
