      Step     Time          Energy          fmax
BFGS:    0 11:34:36     -161.170163        0.658082
BFGS:    1 11:34:37     -161.176089        0.184382
BFGS:    2 11:34:37     -161.181865        0.239644
BFGS:    3 11:34:38     -161.191344        0.324737
BFGS:    4 11:34:38     -161.197064        0.264092
BFGS:    5 11:34:39     -161.201838        0.227506
BFGS:    6 11:34:39     -161.206054        0.228428
BFGS:    7 11:34:40     -161.212497        0.393143
BFGS:    8 11:34:41     -161.223019        0.496971
BFGS:    9 11:34:41     -161.238407        0.444361
BFGS:   10 11:34:42     -161.255418        0.395371
BFGS:   11 11:34:42     -161.271947        0.349813
BFGS:   12 11:34:43     -161.291075        0.466403
BFGS:   13 11:34:43     -161.318166        0.700444
BFGS:   14 11:34:44     -161.357280        0.781000
BFGS:   15 11:34:44     -161.397313        0.628896
BFGS:   16 11:34:45     -161.429648        0.433444
BFGS:   17 11:34:45     -161.449730        0.224667
BFGS:   18 11:34:46     -161.457438        0.286952
BFGS:   19 11:34:46     -161.465224        0.273310
BFGS:   20 11:34:47     -161.476013        0.275386
BFGS:   21 11:34:47     -161.480879        0.209210
BFGS:   22 11:34:48     -161.482604        0.081381
BFGS:   23 11:34:48     -161.483387        0.068386
BFGS:   24 11:34:49     -161.483883        0.068481
BFGS:   25 11:34:49     -161.484542        0.075258
BFGS:   26 11:34:50     -161.484835        0.038659
