      Step     Time          Energy          fmax
BFGS:    0 00:50:20     -160.530593        1.300220
BFGS:    1 00:50:20     -160.569979        0.628472
BFGS:    2 00:50:21     -160.636758        0.683594
BFGS:    3 00:50:21     -160.692742        0.732103
BFGS:    4 00:50:22     -160.722774        0.518034
BFGS:    5 00:50:22     -160.741933        0.394331
BFGS:    6 00:50:23     -160.762547        0.747000
BFGS:    7 00:50:23     -160.797971        1.199364
BFGS:    8 00:50:24     -160.862383        1.423525
BFGS:    9 00:50:24     -160.953849        1.051620
BFGS:   10 00:50:25     -161.035832        0.671744
BFGS:   11 00:50:25     -161.099846        0.551550
BFGS:   12 00:50:26     -161.163206        0.732638
BFGS:   13 00:50:27     -161.232208        0.951629
BFGS:   14 00:50:27     -161.307678        0.875145
BFGS:   15 00:50:28     -161.368940        0.580433
BFGS:   16 00:50:28     -161.409671        0.311462
BFGS:   17 00:50:29     -161.426170        0.246369
BFGS:   18 00:50:29     -161.438558        0.276757
BFGS:   19 00:50:30     -161.456473        0.379353
BFGS:   20 00:50:30     -161.469638        0.312399
BFGS:   21 00:50:31     -161.476055        0.128653
BFGS:   22 00:50:31     -161.477801        0.093155
BFGS:   23 00:50:32     -161.479423        0.105965
BFGS:   24 00:50:32     -161.480851        0.137372
BFGS:   25 00:50:33     -161.481763        0.089826
BFGS:   26 00:50:33     -161.482003        0.023258
