      Step     Time          Energy          fmax
BFGS:    0 06:04:33     -160.531407        1.300685
BFGS:    1 06:04:34     -160.570695        0.623764
BFGS:    2 06:04:34     -160.637913        0.682372
BFGS:    3 06:04:35     -160.693865        0.724476
BFGS:    4 06:04:35     -160.723637        0.507172
BFGS:    5 06:04:36     -160.742563        0.397311
BFGS:    6 06:04:36     -160.763412        0.752554
BFGS:    7 06:04:37     -160.799530        1.218104
BFGS:    8 06:04:38     -160.865034        1.454685
BFGS:    9 06:04:38     -160.956749        1.082202
BFGS:   10 06:04:39     -161.037253        0.661531
BFGS:   11 06:04:39     -161.100417        0.537828
BFGS:   12 06:04:40     -161.164285        0.755629
BFGS:   13 06:04:40     -161.234098        0.974341
BFGS:   14 06:04:41     -161.309767        0.884709
BFGS:   15 06:04:41     -161.370585        0.565683
BFGS:   16 06:04:42     -161.410180        0.299268
BFGS:   17 06:04:42     -161.425794        0.244304
BFGS:   18 06:04:43     -161.438814        0.287745
BFGS:   19 06:04:43     -161.456418        0.382985
BFGS:   20 06:04:44     -161.469580        0.311500
BFGS:   21 06:04:44     -161.475998        0.125389
BFGS:   22 06:04:45     -161.477672        0.097305
BFGS:   23 06:04:45     -161.479415        0.110817
BFGS:   24 06:04:46     -161.480736        0.138158
BFGS:   25 06:04:46     -161.481683        0.084479
BFGS:   26 06:04:47     -161.481886        0.020910
