      Step     Time          Energy          fmax
BFGS:    0 02:34:16     -153.556086       12.840841
BFGS:    1 02:34:16     -157.807328        2.275167
BFGS:    2 02:34:17     -158.239234        1.522748
BFGS:    3 02:34:18     -158.551415        0.899447
BFGS:    4 02:34:18     -158.646700        0.902819
BFGS:    5 02:34:19     -158.777815        1.023166
BFGS:    6 02:34:19     -158.945021        0.981263
BFGS:    7 02:34:20     -159.154263        1.097738
BFGS:    8 02:34:20     -159.347241        1.015375
BFGS:    9 02:34:21     -159.496465        1.080877
BFGS:   10 02:34:21     -159.676353        1.327024
BFGS:   11 02:34:22     -159.940981        1.364897
BFGS:   12 02:34:23     -160.159051        1.214925
BFGS:   13 02:34:23     -160.352241        0.988315
BFGS:   14 02:34:24     -160.641952        1.197241
BFGS:   15 02:34:24     -160.893279        1.205852
BFGS:   16 02:34:25     -161.045878        0.903038
BFGS:   17 02:34:25     -161.142144        0.644166
BFGS:   18 02:34:26     -161.213083        0.645929
BFGS:   19 02:34:26     -161.276042        0.602045
BFGS:   20 02:34:27     -161.333700        0.468224
BFGS:   21 02:34:27     -161.376658        0.350335
BFGS:   22 02:34:28     -161.392984        0.326599
BFGS:   23 02:34:28     -161.408044        0.276456
BFGS:   24 02:34:29     -161.421012        0.253917
BFGS:   25 02:34:29     -161.429144        0.165850
BFGS:   26 02:34:30     -161.433787        0.100263
BFGS:   27 02:34:30     -161.436096        0.084054
BFGS:   28 02:34:31     -161.437996        0.117396
BFGS:   29 02:34:31     -161.440046        0.102881
BFGS:   30 02:34:32     -161.441826        0.103820
BFGS:   31 02:34:32     -161.443167        0.094644
BFGS:   32 02:34:33     -161.444736        0.104634
BFGS:   33 02:34:33     -161.447553        0.158134
BFGS:   34 02:34:34     -161.451064        0.157372
BFGS:   35 02:34:34     -161.454897        0.150625
BFGS:   36 02:34:35     -161.457932        0.153036
BFGS:   37 02:34:35     -161.460771        0.137986
BFGS:   38 02:34:36     -161.464326        0.193518
BFGS:   39 02:34:36     -161.470379        0.215793
BFGS:   40 02:34:37     -161.476135        0.141765
BFGS:   41 02:34:37     -161.478933        0.098060
BFGS:   42 02:34:38     -161.479857        0.080905
BFGS:   43 02:34:38     -161.480537        0.061247
BFGS:   44 02:34:39     -161.481186        0.057106
BFGS:   45 02:34:39     -161.481824        0.051832
BFGS:   46 02:34:40     -161.482129        0.035925
