      Step     Time          Energy          fmax
BFGS:    0 10:28:22     -153.578871       12.873097
BFGS:    1 10:28:23     -157.817370        2.270195
BFGS:    2 10:28:24     -158.246155        1.510274
BFGS:    3 10:28:24     -158.555903        0.885718
BFGS:    4 10:28:25     -158.648095        0.897678
BFGS:    5 10:28:25     -158.777115        1.017181
BFGS:    6 10:28:26     -158.942139        0.999290
BFGS:    7 10:28:26     -159.149592        1.094378
BFGS:    8 10:28:27     -159.340764        1.004960
BFGS:    9 10:28:27     -159.487630        1.091880
BFGS:   10 10:28:28     -159.667282        1.341784
BFGS:   11 10:28:28     -159.946688        1.385432
BFGS:   12 10:28:29     -160.168789        1.238856
BFGS:   13 10:28:30     -160.364260        0.924494
BFGS:   14 10:28:30     -160.637113        1.174099
BFGS:   15 10:28:31     -160.892569        1.209109
BFGS:   16 10:28:31     -161.047110        0.927346
BFGS:   17 10:28:32     -161.143465        0.640241
BFGS:   18 10:28:32     -161.212945        0.651480
BFGS:   19 10:28:33     -161.273132        0.588649
BFGS:   20 10:28:33     -161.328941        0.490707
BFGS:   21 10:28:34     -161.373011        0.370787
BFGS:   22 10:28:34     -161.390882        0.298724
BFGS:   23 10:28:35     -161.404219        0.262784
BFGS:   24 10:28:35     -161.416620        0.251975
BFGS:   25 10:28:36     -161.424329        0.165482
BFGS:   26 10:28:36     -161.429289        0.098466
BFGS:   27 10:28:37     -161.431746        0.077658
BFGS:   28 10:28:37     -161.433591        0.110061
BFGS:   29 10:28:38     -161.435603        0.103179
BFGS:   30 10:28:38     -161.437595        0.106857
BFGS:   31 10:28:39     -161.439139        0.100061
BFGS:   32 10:28:39     -161.440776        0.103366
BFGS:   33 10:28:40     -161.443847        0.154292
BFGS:   34 10:28:40     -161.447723        0.160997
BFGS:   35 10:28:41     -161.452192        0.160659
BFGS:   36 10:28:41     -161.455913        0.170413
BFGS:   37 10:28:42     -161.459202        0.158130
BFGS:   38 10:28:42     -161.463091        0.186808
BFGS:   39 10:28:43     -161.469543        0.215948
BFGS:   40 10:28:43     -161.475834        0.150005
BFGS:   41 10:28:44     -161.479038        0.098502
BFGS:   42 10:28:44     -161.480061        0.082681
BFGS:   43 10:28:45     -161.480733        0.064609
BFGS:   44 10:28:45     -161.481387        0.056848
BFGS:   45 10:28:46     -161.482025        0.051205
BFGS:   46 10:28:46     -161.482381        0.035866
