      Step     Time          Energy          fmax
BFGS:    0 01:06:30     -161.154671        0.575667
BFGS:    1 01:06:31     -161.160075        0.206328
BFGS:    2 01:06:31     -161.168117        0.291348
BFGS:    3 01:06:32     -161.178874        0.381634
BFGS:    4 01:06:32     -161.185903        0.272343
BFGS:    5 01:06:33     -161.190855        0.228760
BFGS:    6 01:06:33     -161.195625        0.255356
BFGS:    7 01:06:34     -161.203543        0.522836
BFGS:    8 01:06:34     -161.216696        0.708596
BFGS:    9 01:06:35     -161.234485        0.658989
BFGS:   10 01:06:35     -161.252249        0.380584
BFGS:   11 01:06:36     -161.270443        0.367871
BFGS:   12 01:06:36     -161.294673        0.635862
BFGS:   13 01:06:37     -161.328738        0.895721
BFGS:   14 01:06:37     -161.373149        0.913555
BFGS:   15 01:06:38     -161.412477        0.651381
BFGS:   16 01:06:38     -161.440607        0.298115
BFGS:   17 01:06:39     -161.452232        0.245177
BFGS:   18 01:06:39     -161.458019        0.290127
BFGS:   19 01:06:40     -161.468640        0.260265
BFGS:   20 01:06:40     -161.474720        0.247153
BFGS:   21 01:06:41     -161.478868        0.135451
BFGS:   22 01:06:42     -161.480132        0.088439
BFGS:   23 01:06:42     -161.481191        0.082935
BFGS:   24 01:06:43     -161.482389        0.117656
BFGS:   25 01:06:43     -161.483139        0.102395
BFGS:   26 01:06:44     -161.483549        0.037889
