      Step     Time          Energy          fmax
BFGS:    0 11:31:00     -159.093476        3.036440
BFGS:    1 11:31:01     -159.348093        1.416590
BFGS:    2 11:31:02     -159.603663        1.103107
BFGS:    3 11:31:02     -159.749999        1.204325
BFGS:    4 11:31:03     -159.826803        1.061363
BFGS:    5 11:31:03     -159.898512        0.656295
BFGS:    6 11:31:04     -159.955775        1.235540
BFGS:    7 11:31:04     -160.028984        1.441947
BFGS:    8 11:31:05     -160.152168        1.159506
BFGS:    9 11:31:06     -160.337842        1.715273
BFGS:   10 11:31:06     -160.548162        1.495322
BFGS:   11 11:31:07     -160.716483        0.753263
BFGS:   12 11:31:07     -160.843697        0.654638
BFGS:   13 11:31:08     -160.964830        0.964933
BFGS:   14 11:31:08     -161.084619        1.185759
BFGS:   15 11:31:09     -161.192365        1.053862
BFGS:   16 11:31:09     -161.283187        0.667884
BFGS:   17 11:31:10     -161.343706        0.441916
BFGS:   18 11:31:10     -161.370409        0.411216
BFGS:   19 11:31:11     -161.393977        0.516017
BFGS:   20 11:31:11     -161.429805        0.456040
BFGS:   21 11:31:12     -161.449388        0.204798
BFGS:   22 11:31:12     -161.457373        0.130106
BFGS:   23 11:31:13     -161.460062        0.114174
BFGS:   24 11:31:13     -161.462569        0.122213
BFGS:   25 11:31:14     -161.465628        0.088959
BFGS:   26 11:31:15     -161.468041        0.046070
