      Step     Time          Energy          fmax
BFGS:    0 08:30:17     -161.155025        0.576023
BFGS:    1 08:30:17     -161.160462        0.210711
BFGS:    2 08:30:18     -161.168645        0.293212
BFGS:    3 08:30:18     -161.179518        0.385173
BFGS:    4 08:30:19     -161.186589        0.269048
BFGS:    5 08:30:19     -161.191493        0.227771
BFGS:    6 08:30:20     -161.196206        0.255409
BFGS:    7 08:30:20     -161.204050        0.523627
BFGS:    8 08:30:21     -161.217064        0.709671
BFGS:    9 08:30:21     -161.234644        0.661599
BFGS:   10 08:30:22     -161.252278        0.385022
BFGS:   11 08:30:22     -161.270525        0.373855
BFGS:   12 08:30:23     -161.295021        0.644659
BFGS:   13 08:30:23     -161.329497        0.902703
BFGS:   14 08:30:24     -161.373867        0.914431
BFGS:   15 08:30:24     -161.412941        0.650108
BFGS:   16 08:30:25     -161.440748        0.293098
BFGS:   17 08:30:25     -161.452298        0.239357
BFGS:   18 08:30:26     -161.458069        0.287206
BFGS:   19 08:30:26     -161.468691        0.264969
BFGS:   20 08:30:27     -161.474836        0.248760
BFGS:   21 08:30:27     -161.478981        0.139993
BFGS:   22 08:30:28     -161.480211        0.085743
BFGS:   23 08:30:28     -161.481213        0.081241
BFGS:   24 08:30:29     -161.482353        0.112873
BFGS:   25 08:30:29     -161.483003        0.111142
BFGS:   26 08:30:30     -161.483507        0.050763
BFGS:   27 08:30:30     -161.483627        0.012717
