      Step     Time          Energy          fmax
BFGS:    0 11:59:16     -158.734322        7.083794
BFGS:    1 11:59:17     -159.660149        1.927467
BFGS:    2 11:59:18     -159.929287        1.355861
BFGS:    3 11:59:18     -160.076788        0.890765
BFGS:    4 11:59:19     -160.136544        1.004898
BFGS:    5 11:59:19     -160.208835        1.125537
BFGS:    6 11:59:20     -160.274623        0.898988
BFGS:    7 11:59:20     -160.344948        0.758861
BFGS:    8 11:59:21     -160.425688        0.917849
BFGS:    9 11:59:21     -160.511189        0.838793
BFGS:   10 11:59:22     -160.584335        1.057687
BFGS:   11 11:59:22     -160.649488        1.084605
BFGS:   12 11:59:23     -160.728895        0.981253
BFGS:   13 11:59:24     -160.864073        0.838375
BFGS:   14 11:59:24     -161.004811        0.867310
BFGS:   15 11:59:25     -161.136496        0.866896
BFGS:   16 11:59:25     -161.251997        0.872802
BFGS:   17 11:59:26     -161.345656        0.714020
BFGS:   18 11:59:26     -161.404528        0.398420
BFGS:   19 11:59:27     -161.435061        0.385412
BFGS:   20 11:59:27     -161.455481        0.354832
BFGS:   21 11:59:28     -161.469148        0.196742
BFGS:   22 11:59:28     -161.474541        0.083453
BFGS:   23 11:59:29     -161.475923        0.071967
BFGS:   24 11:59:29     -161.477245        0.089622
BFGS:   25 11:59:30     -161.478974        0.073768
BFGS:   26 11:59:30     -161.481583        0.084074
BFGS:   27 11:59:31     -161.482909        0.089971
BFGS:   28 11:59:31     -161.483145        0.051908
BFGS:   29 11:59:32     -161.483264        0.091302
BFGS:   30 11:59:32     -161.483577        0.057758
BFGS:   31 11:59:33     -161.483733        0.035273
