      Step     Time          Energy          fmax
BFGS:    0 02:59:21     -161.169522        0.471444
BFGS:    1 02:59:22     -161.174280        0.220675
BFGS:    2 02:59:23     -161.182072        0.277873
BFGS:    3 02:59:23     -161.190070        0.293437
BFGS:    4 02:59:24     -161.194514        0.202828
BFGS:    5 02:59:24     -161.197701        0.207128
BFGS:    6 02:59:25     -161.201508        0.320274
BFGS:    7 02:59:25     -161.208672        0.561518
BFGS:    8 02:59:26     -161.222340        0.766034
BFGS:    9 02:59:26     -161.244432        0.777133
BFGS:   10 02:59:27     -161.269677        0.538148
BFGS:   11 02:59:27     -161.291674        0.585228
BFGS:   12 02:59:28     -161.311992        0.539606
BFGS:   13 02:59:28     -161.337066        0.646150
BFGS:   14 02:59:29     -161.370563        0.738875
BFGS:   15 02:59:30     -161.409415        0.568473
BFGS:   16 02:59:30     -161.437281        0.340090
BFGS:   17 02:59:31     -161.452484        0.219578
BFGS:   18 02:59:31     -161.459822        0.281883
BFGS:   19 02:59:32     -161.468438        0.239823
BFGS:   20 02:59:32     -161.474673        0.194101
BFGS:   21 02:59:32     -161.477128        0.097913
BFGS:   22 02:59:33     -161.478015        0.062103
BFGS:   23 02:59:33     -161.478884        0.068916
BFGS:   24 02:59:34     -161.480814        0.173825
BFGS:   25 02:59:34     -161.481666        0.226600
BFGS:   26 02:59:35     -161.483233        0.156498
BFGS:   27 02:59:35     -161.484418        0.031320
