      Step     Time          Energy          fmax
BFGS:    0 10:06:45     -160.571423        1.524772
BFGS:    1 10:06:46     -160.617082        0.610491
BFGS:    2 10:06:46     -160.671823        0.635230
BFGS:    3 10:06:47     -160.725518        0.720034
BFGS:    4 10:06:47     -160.753605        0.547219
BFGS:    5 10:06:48     -160.772822        0.392403
BFGS:    6 10:06:48     -160.790154        0.618008
BFGS:    7 10:06:49     -160.818263        0.952436
BFGS:    8 10:06:49     -160.868319        1.075861
BFGS:    9 10:06:50     -160.945736        0.889296
BFGS:   10 10:06:50     -161.027445        0.834328
BFGS:   11 10:06:51     -161.091435        0.560433
BFGS:   12 10:06:52     -161.146826        0.589521
BFGS:   13 10:06:52     -161.207863        0.818963
BFGS:   14 10:06:53     -161.281290        0.817022
BFGS:   15 10:06:53     -161.346918        0.751439
BFGS:   16 10:06:54     -161.396126        0.523892
BFGS:   17 10:06:54     -161.423922        0.253575
BFGS:   18 10:06:55     -161.435282        0.253068
BFGS:   19 10:06:55     -161.453335        0.347637
BFGS:   20 10:06:56     -161.467071        0.329134
BFGS:   21 10:06:56     -161.476190        0.144176
BFGS:   22 10:06:57     -161.477772        0.106066
BFGS:   23 10:06:57     -161.479568        0.115931
BFGS:   24 10:06:58     -161.480666        0.134800
BFGS:   25 10:06:58     -161.481599        0.075995
BFGS:   26 10:06:59     -161.481824        0.018853
