      Step     Time          Energy          fmax
BFGS:    0 03:10:13     -158.961344        3.479050
BFGS:    1 03:10:13     -159.372426        1.748964
BFGS:    2 03:10:14     -159.730804        1.073509
BFGS:    3 03:10:14     -159.860455        0.944590
BFGS:    4 03:10:15     -159.915052        0.772435
BFGS:    5 03:10:15     -159.967492        0.719346
BFGS:    6 03:10:16     -160.027341        1.216103
BFGS:    7 03:10:16     -160.110182        1.435355
BFGS:    8 03:10:17     -160.252288        1.211639
BFGS:    9 03:10:17     -160.445183        1.462186
BFGS:   10 03:10:18     -160.611224        1.132281
BFGS:   11 03:10:19     -160.719694        0.701018
BFGS:   12 03:10:19     -160.824612        0.705829
BFGS:   13 03:10:20     -160.950105        1.110392
BFGS:   14 03:10:20     -161.085201        1.309644
BFGS:   15 03:10:21     -161.200032        1.118308
BFGS:   16 03:10:21     -161.288988        0.698780
BFGS:   17 03:10:22     -161.341792        0.424779
BFGS:   18 03:10:22     -161.365356        0.404365
BFGS:   19 03:10:23     -161.396231        0.586905
BFGS:   20 03:10:23     -161.429418        0.520100
BFGS:   21 03:10:24     -161.448364        0.217370
BFGS:   22 03:10:24     -161.452838        0.157843
BFGS:   23 03:10:25     -161.455972        0.121989
BFGS:   24 03:10:25     -161.458592        0.151144
BFGS:   25 03:10:26     -161.461173        0.123647
BFGS:   26 03:10:26     -161.462588        0.071240
BFGS:   27 03:10:27     -161.463233        0.074571
BFGS:   28 03:10:27     -161.463768        0.067043
BFGS:   29 03:10:28     -161.464765        0.077634
BFGS:   30 03:10:28     -161.466267        0.091157
BFGS:   31 03:10:29     -161.467961        0.080658
BFGS:   32 03:10:29     -161.469661        0.090890
BFGS:   33 03:10:30     -161.470870        0.109576
BFGS:   34 03:10:30     -161.472676        0.118235
BFGS:   35 03:10:31     -161.475512        0.108184
BFGS:   36 03:10:31     -161.478826        0.076862
BFGS:   37 03:10:32     -161.481230        0.062645
BFGS:   38 03:10:32     -161.482186        0.041811
