      Step     Time          Energy          fmax
BFGS:    0 10:20:50     -160.691837        1.307802
BFGS:    1 10:20:51     -160.737298        0.695626
BFGS:    2 10:20:51     -160.784668        0.636127
BFGS:    3 10:20:52     -160.820063        0.599550
BFGS:    4 10:20:52     -160.834527        0.436314
BFGS:    5 10:20:53     -160.844744        0.281943
BFGS:    6 10:20:53     -160.853067        0.497561
BFGS:    7 10:20:54     -160.866490        0.627579
BFGS:    8 10:20:55     -160.892027        0.624741
BFGS:    9 10:20:55     -160.940475        0.798954
BFGS:   10 10:20:56     -161.014905        0.924246
BFGS:   11 10:20:56     -161.089821        0.656345
BFGS:   12 10:20:57     -161.143623        0.561235
BFGS:   13 10:20:57     -161.194133        0.539624
BFGS:   14 10:20:58     -161.263273        0.784330
BFGS:   15 10:20:58     -161.331933        0.905876
BFGS:   16 10:20:59     -161.394418        0.757211
BFGS:   17 10:20:59     -161.437852        0.384343
BFGS:   18 10:21:00     -161.453404        0.183917
BFGS:   19 10:21:00     -161.459440        0.213361
BFGS:   20 10:21:01     -161.468545        0.259125
BFGS:   21 10:21:01     -161.474105        0.168081
BFGS:   22 10:21:02     -161.476357        0.098627
BFGS:   23 10:21:02     -161.477227        0.097785
BFGS:   24 10:21:03     -161.478170        0.083573
BFGS:   25 10:21:03     -161.479655        0.107809
BFGS:   26 10:21:04     -161.481393        0.138177
BFGS:   27 10:21:04     -161.482379        0.102965
BFGS:   28 10:21:05     -161.483570        0.055778
BFGS:   29 10:21:05     -161.483767        0.055150
BFGS:   30 10:21:06     -161.484296        0.026623
