      Step     Time          Energy          fmax
BFGS:    0 03:23:01     -158.744179        3.880402
BFGS:    1 03:23:02     -159.244134        2.382046
BFGS:    2 03:23:02     -159.709909        0.988886
BFGS:    3 03:23:03     -159.844628        0.905619
BFGS:    4 03:23:03     -159.899899        0.759955
BFGS:    5 03:23:04     -159.959653        0.847870
BFGS:    6 03:23:04     -160.042705        1.133571
BFGS:    7 03:23:05     -160.144787        1.252700
BFGS:    8 03:23:06     -160.280659        1.075276
BFGS:    9 03:23:06     -160.419561        1.038223
BFGS:   10 03:23:07     -160.541821        0.875134
BFGS:   11 03:23:07     -160.660042        1.019721
BFGS:   12 03:23:08     -160.799450        1.115195
BFGS:   13 03:23:08     -160.954771        0.830877
BFGS:   14 03:23:09     -161.078415        0.789918
BFGS:   15 03:23:09     -161.170647        0.635456
BFGS:   16 03:23:10     -161.243043        0.623275
BFGS:   17 03:23:10     -161.300832        0.674324
BFGS:   18 03:23:11     -161.350126        0.618737
BFGS:   19 03:23:11     -161.392503        0.508166
BFGS:   20 03:23:12     -161.426280        0.400931
BFGS:   21 03:23:13     -161.449767        0.251538
BFGS:   22 03:23:13     -161.463804        0.190678
BFGS:   23 03:23:14     -161.469014        0.176287
BFGS:   24 03:23:14     -161.473181        0.176695
BFGS:   25 03:23:14     -161.478349        0.096444
BFGS:   26 03:23:15     -161.480419        0.069954
BFGS:   27 03:23:15     -161.481150        0.055092
BFGS:   28 03:23:16     -161.481658        0.042040
