      Step     Time          Energy          fmax
BFGS:    0 09:55:28     -161.155235        0.575613
BFGS:    1 09:55:29     -161.160665        0.209008
BFGS:    2 09:55:29     -161.168808        0.291932
BFGS:    3 09:55:30     -161.179636        0.384118
BFGS:    4 09:55:30     -161.186696        0.272031
BFGS:    5 09:55:31     -161.191600        0.228449
BFGS:    6 09:55:31     -161.196298        0.254166
BFGS:    7 09:55:32     -161.204092        0.520359
BFGS:    8 09:55:32     -161.217032        0.704978
BFGS:    9 09:55:33     -161.234597        0.657641
BFGS:   10 09:55:33     -161.252281        0.383580
BFGS:   11 09:55:34     -161.270551        0.375715
BFGS:   12 09:55:35     -161.294973        0.639636
BFGS:   13 09:55:35     -161.329285        0.899348
BFGS:   14 09:55:36     -161.373690        0.915230
BFGS:   15 09:55:36     -161.412786        0.653483
BFGS:   16 09:55:37     -161.440810        0.293666
BFGS:   17 09:55:37     -161.452256        0.240410
BFGS:   18 09:55:38     -161.458080        0.289142
BFGS:   19 09:55:38     -161.468628        0.265791
BFGS:   20 09:55:39     -161.474825        0.247862
BFGS:   21 09:55:39     -161.479000        0.137569
BFGS:   22 09:55:40     -161.480245        0.086394
BFGS:   23 09:55:40     -161.481262        0.081327
BFGS:   24 09:55:41     -161.482421        0.116325
BFGS:   25 09:55:41     -161.483135        0.102514
BFGS:   26 09:55:42     -161.483550        0.038434
