      Step     Time          Energy          fmax
BFGS:    0 11:10:20     -145.857127       52.312295
BFGS:    1 11:10:21     -155.694279       12.998689
BFGS:    2 11:10:21     -157.309601        6.100990
BFGS:    3 11:10:22     -158.200911        2.346358
BFGS:    4 11:10:22     -158.549458        1.352974
BFGS:    5 11:10:23     -158.785046        2.401767
BFGS:    6 11:10:23     -159.026665        2.700289
BFGS:    7 11:10:24     -159.329105        2.313139
BFGS:    8 11:10:25     -159.666899        1.455294
BFGS:    9 11:10:25     -159.959933        1.073606
BFGS:   10 11:10:26     -160.130895        1.261549
BFGS:   11 11:10:26     -160.260754        1.764243
BFGS:   12 11:10:27     -160.424580        1.503468
BFGS:   13 11:10:27     -160.523919        1.511051
BFGS:   14 11:10:28     -160.692616        1.307078
BFGS:   15 11:10:28     -160.810382        1.232348
BFGS:   16 11:10:29     -160.905972        1.273918
BFGS:   17 11:10:30     -160.984638        1.312670
BFGS:   18 11:10:30     -161.061848        1.269853
BFGS:   19 11:10:31     -161.153266        1.061983
BFGS:   20 11:10:31     -161.261499        0.681074
BFGS:   21 11:10:32     -161.337356        0.502447
BFGS:   22 11:10:32     -161.391338        0.309032
BFGS:   23 11:10:33     -161.419192        0.216683
BFGS:   24 11:10:33     -161.432115        0.185707
BFGS:   25 11:10:34     -161.451984        0.146671
BFGS:   26 11:10:34     -161.465294        0.115185
BFGS:   27 11:10:35     -161.473571        0.071726
BFGS:   28 11:10:35     -161.476949        0.044739
