      Step     Time          Energy          fmax
BFGS:    0 05:45:43     -158.711207        3.725317
BFGS:    1 05:45:43     -159.189587        2.276677
BFGS:    2 05:45:44     -159.631520        1.045511
BFGS:    3 05:45:44     -159.773377        0.988235
BFGS:    4 05:45:45     -159.840152        0.847174
BFGS:    5 05:45:45     -159.915736        0.957078
BFGS:    6 05:45:46     -160.021370        1.283674
BFGS:    7 05:45:46     -160.156220        1.441351
BFGS:    8 05:45:47     -160.344887        1.281600
BFGS:    9 05:45:48     -160.530108        1.267798
BFGS:   10 05:45:48     -160.670699        1.052947
BFGS:   11 05:45:49     -160.794998        0.981360
BFGS:   12 05:45:49     -160.939213        1.080559
BFGS:   13 05:45:50     -161.084571        0.828969
BFGS:   14 05:45:50     -161.190874        0.745816
BFGS:   15 05:45:51     -161.269259        0.538415
BFGS:   16 05:45:51     -161.327221        0.457319
BFGS:   17 05:45:52     -161.370433        0.525480
BFGS:   18 05:45:52     -161.405101        0.486461
BFGS:   19 05:45:53     -161.433106        0.403603
BFGS:   20 05:45:53     -161.453693        0.287575
BFGS:   21 05:45:54     -161.467377        0.145387
BFGS:   22 05:45:54     -161.474165        0.129691
BFGS:   23 05:45:55     -161.476404        0.154355
BFGS:   24 05:45:55     -161.478759        0.114498
BFGS:   25 05:45:56     -161.480639        0.058712
BFGS:   26 05:45:56     -161.481221        0.051314
BFGS:   27 05:45:57     -161.481598        0.039885
