      Step     Time          Energy          fmax
BFGS:    0 04:33:47     -159.093476        3.036435
BFGS:    1 04:33:48     -159.348133        1.416496
BFGS:    2 04:33:49     -159.603661        1.102885
BFGS:    3 04:33:49     -159.750061        1.204106
BFGS:    4 04:33:50     -159.826817        1.061194
BFGS:    5 04:33:50     -159.898517        0.656131
BFGS:    6 04:33:51     -159.955778        1.235127
BFGS:    7 04:33:51     -160.028993        1.441570
BFGS:    8 04:33:52     -160.152189        1.159691
BFGS:    9 04:33:52     -160.337956        1.715292
BFGS:   10 04:33:53     -160.548266        1.495121
BFGS:   11 04:33:54     -160.716589        0.752899
BFGS:   12 04:33:54     -160.843824        0.654564
BFGS:   13 04:33:55     -160.964957        0.964790
BFGS:   14 04:33:55     -161.084728        1.185425
BFGS:   15 04:33:56     -161.192444        1.053465
BFGS:   16 04:33:56     -161.283241        0.667280
BFGS:   17 04:33:57     -161.343746        0.441808
BFGS:   18 04:33:57     -161.370446        0.411071
BFGS:   19 04:33:58     -161.394001        0.515885
BFGS:   20 04:33:58     -161.429816        0.455816
BFGS:   21 04:33:59     -161.449391        0.204689
BFGS:   22 04:33:59     -161.457376        0.129970
BFGS:   23 04:34:00     -161.460066        0.114079
BFGS:   24 04:34:00     -161.462568        0.122144
BFGS:   25 04:34:01     -161.465625        0.089105
BFGS:   26 04:34:01     -161.468040        0.046078
