      Step     Time          Energy          fmax
BFGS:    0 05:04:06     -158.961346        3.479044
BFGS:    1 05:04:07     -159.372473        1.748830
BFGS:    2 05:04:07     -159.730774        1.073385
BFGS:    3 05:04:08     -159.860474        0.944426
BFGS:    4 05:04:08     -159.915048        0.772392
BFGS:    5 05:04:09     -159.967491        0.719121
BFGS:    6 05:04:09     -160.027347        1.215513
BFGS:    7 05:04:10     -160.110197        1.434856
BFGS:    8 05:04:11     -160.252294        1.211613
BFGS:    9 05:04:11     -160.445226        1.462087
BFGS:   10 05:04:12     -160.611281        1.131976
BFGS:   11 05:04:12     -160.719732        0.700863
BFGS:   12 05:04:13     -160.824661        0.705846
BFGS:   13 05:04:13     -160.950163        1.110313
BFGS:   14 05:04:14     -161.085258        1.309374
BFGS:   15 05:04:14     -161.200077        1.117899
BFGS:   16 05:04:15     -161.289009        0.698118
BFGS:   17 05:04:15     -161.341795        0.425050
BFGS:   18 05:04:16     -161.365348        0.404555
BFGS:   19 05:04:16     -161.396247        0.586971
BFGS:   20 05:04:17     -161.429431        0.519931
BFGS:   21 05:04:17     -161.448356        0.217302
BFGS:   22 05:04:18     -161.452830        0.158035
BFGS:   23 05:04:18     -161.455962        0.122148
BFGS:   24 05:04:19     -161.458586        0.151481
BFGS:   25 05:04:19     -161.461168        0.123822
BFGS:   26 05:04:20     -161.462587        0.071111
BFGS:   27 05:04:20     -161.463230        0.074530
BFGS:   28 05:04:21     -161.463768        0.067028
BFGS:   29 05:04:21     -161.464750        0.077093
BFGS:   30 05:04:22     -161.466255        0.090551
BFGS:   31 05:04:22     -161.467962        0.080573
BFGS:   32 05:04:23     -161.469637        0.090557
BFGS:   33 05:04:23     -161.470872        0.109517
BFGS:   34 05:04:24     -161.472662        0.118369
BFGS:   35 05:04:24     -161.475481        0.108497
BFGS:   36 05:04:25     -161.478818        0.077053
BFGS:   37 05:04:25     -161.481223        0.062524
BFGS:   38 05:04:26     -161.482187        0.041892
