      Step     Time          Energy          fmax
BFGS:    0 07:02:34     -161.169428        0.472096
BFGS:    1 07:02:34     -161.174190        0.220894
BFGS:    2 07:02:35     -161.181990        0.278031
BFGS:    3 07:02:35     -161.190000        0.293660
BFGS:    4 07:02:36     -161.194444        0.202946
BFGS:    5 07:02:36     -161.197642        0.207421
BFGS:    6 07:02:37     -161.201454        0.320329
BFGS:    7 07:02:37     -161.208627        0.562049
BFGS:    8 07:02:38     -161.222322        0.767176
BFGS:    9 07:02:38     -161.244437        0.778569
BFGS:   10 07:02:39     -161.269712        0.537740
BFGS:   11 07:02:39     -161.291690        0.584664
BFGS:   12 07:02:40     -161.312011        0.538849
BFGS:   13 07:02:41     -161.337052        0.646451
BFGS:   14 07:02:41     -161.370550        0.738797
BFGS:   15 07:02:42     -161.409423        0.568717
BFGS:   16 07:02:42     -161.437192        0.341058
BFGS:   17 07:02:43     -161.452344        0.216857
BFGS:   18 07:02:43     -161.459738        0.281807
BFGS:   19 07:02:44     -161.468295        0.243524
BFGS:   20 07:02:44     -161.474576        0.195099
BFGS:   21 07:02:44     -161.477124        0.098740
BFGS:   22 07:02:45     -161.478041        0.062524
BFGS:   23 07:02:45     -161.479051        0.076715
BFGS:   24 07:02:46     -161.480816        0.171885
BFGS:   25 07:02:46     -161.482131        0.200482
BFGS:   26 07:02:47     -161.484008        0.119766
BFGS:   27 07:02:47     -161.484402        0.020134
