      Step     Time          Energy          fmax
BFGS:    0 03:39:20     -160.541056        1.636147
BFGS:    1 03:39:20     -160.590952        0.605672
BFGS:    2 03:39:21     -160.651272        0.709708
BFGS:    3 03:39:21     -160.710666        0.791754
BFGS:    4 03:39:22     -160.742133        0.572443
BFGS:    5 03:39:22     -160.763476        0.419677
BFGS:    6 03:39:23     -160.782206        0.622821
BFGS:    7 03:39:23     -160.813798        1.013952
BFGS:    8 03:39:24     -160.869252        1.177863
BFGS:    9 03:39:25     -160.951830        0.888393
BFGS:   10 03:39:25     -161.035280        0.858822
BFGS:   11 03:39:26     -161.102478        0.623640
BFGS:   12 03:39:26     -161.163880        0.779327
BFGS:   13 03:39:27     -161.230135        0.979262
BFGS:   14 03:39:27     -161.301069        0.875802
BFGS:   15 03:39:28     -161.360162        0.658678
BFGS:   16 03:39:28     -161.404412        0.497490
BFGS:   17 03:39:29     -161.429667        0.267508
BFGS:   18 03:39:29     -161.440018        0.311104
BFGS:   19 03:39:30     -161.454929        0.292153
BFGS:   20 03:39:30     -161.468779        0.356350
BFGS:   21 03:39:31     -161.475914        0.209545
BFGS:   22 03:39:31     -161.478192        0.104604
BFGS:   23 03:39:32     -161.479431        0.092209
BFGS:   24 03:39:32     -161.480906        0.137413
BFGS:   25 03:39:33     -161.482246        0.120861
BFGS:   26 03:39:33     -161.482965        0.059852
BFGS:   27 03:39:34     -161.483158        0.025366
