      Step     Time          Energy          fmax
BFGS:    0 23:47:07     -158.734316        7.084321
BFGS:    1 23:47:08     -159.660164        1.927294
BFGS:    2 23:47:08     -159.929284        1.355858
BFGS:    3 23:47:09     -160.076786        0.890743
BFGS:    4 23:47:09     -160.136544        1.004885
BFGS:    5 23:47:10     -160.208831        1.125571
BFGS:    6 23:47:10     -160.274620        0.899009
BFGS:    7 23:47:11     -160.344950        0.758872
BFGS:    8 23:47:11     -160.425688        0.917887
BFGS:    9 23:47:12     -160.511184        0.838813
BFGS:   10 23:47:13     -160.584329        1.057731
BFGS:   11 23:47:13     -160.649488        1.084612
BFGS:   12 23:47:14     -160.728893        0.981281
BFGS:   13 23:47:14     -160.864074        0.838375
BFGS:   14 23:47:15     -161.004806        0.867314
BFGS:   15 23:47:15     -161.136500        0.866829
BFGS:   16 23:47:16     -161.252005        0.872655
BFGS:   17 23:47:16     -161.345666        0.714090
BFGS:   18 23:47:17     -161.404530        0.398328
BFGS:   19 23:47:17     -161.435063        0.385413
BFGS:   20 23:47:18     -161.455484        0.354738
BFGS:   21 23:47:18     -161.469147        0.196850
BFGS:   22 23:47:19     -161.474544        0.083431
BFGS:   23 23:47:19     -161.475923        0.072017
BFGS:   24 23:47:20     -161.477246        0.089556
BFGS:   25 23:47:20     -161.478972        0.073809
BFGS:   26 23:47:21     -161.481587        0.084151
BFGS:   27 23:47:21     -161.482912        0.090091
BFGS:   28 23:47:22     -161.483146        0.051857
BFGS:   29 23:47:22     -161.483267        0.090876
BFGS:   30 23:47:23     -161.483575        0.057747
BFGS:   31 23:47:23     -161.483737        0.035397
