      Step     Time          Energy          fmax
BFGS:    0 06:56:15     -158.733937        7.082277
BFGS:    1 06:56:16     -159.659871        1.920928
BFGS:    2 06:56:16     -159.928790        1.353769
BFGS:    3 06:56:17     -160.076733        0.890856
BFGS:    4 06:56:18     -160.136690        1.006780
BFGS:    5 06:56:18     -160.209045        1.126083
BFGS:    6 06:56:19     -160.274829        0.898537
BFGS:    7 06:56:19     -160.345131        0.758621
BFGS:    8 06:56:20     -160.425702        0.916662
BFGS:    9 06:56:20     -160.510766        0.836585
BFGS:   10 06:56:21     -160.583457        1.054795
BFGS:   11 06:56:21     -160.648251        1.080179
BFGS:   12 06:56:22     -160.727287        0.975792
BFGS:   13 06:56:22     -160.862618        0.833534
BFGS:   14 06:56:23     -161.003340        0.868026
BFGS:   15 06:56:24     -161.134988        0.869720
BFGS:   16 06:56:24     -161.250680        0.873908
BFGS:   17 06:56:25     -161.344647        0.719949
BFGS:   18 06:56:25     -161.404143        0.395636
BFGS:   19 06:56:26     -161.434717        0.387431
BFGS:   20 06:56:26     -161.455119        0.356600
BFGS:   21 06:56:27     -161.468908        0.196033
BFGS:   22 06:56:27     -161.474434        0.088233
BFGS:   23 06:56:28     -161.475806        0.078982
BFGS:   24 06:56:28     -161.477201        0.090585
BFGS:   25 06:56:29     -161.479049        0.075406
BFGS:   26 06:56:29     -161.481701        0.086604
BFGS:   27 06:56:30     -161.482939        0.089870
BFGS:   28 06:56:30     -161.483193        0.054686
BFGS:   29 06:56:31     -161.483457        0.075264
BFGS:   30 06:56:31     -161.483653        0.051095
BFGS:   31 06:56:32     -161.483813        0.020829
