      Step     Time          Energy          fmax
BFGS:    0 02:56:34     -160.691837        1.307810
BFGS:    1 02:56:35     -160.737299        0.695617
BFGS:    2 02:56:35     -160.784670        0.636093
BFGS:    3 02:56:36     -160.820063        0.599536
BFGS:    4 02:56:36     -160.834529        0.436268
BFGS:    5 02:56:37     -160.844744        0.281941
BFGS:    6 02:56:37     -160.853073        0.497540
BFGS:    7 02:56:38     -160.866489        0.627577
BFGS:    8 02:56:38     -160.892029        0.624714
BFGS:    9 02:56:39     -160.940485        0.798931
BFGS:   10 02:56:39     -161.014898        0.924082
BFGS:   11 02:56:40     -161.089817        0.656261
BFGS:   12 02:56:40     -161.143607        0.561480
BFGS:   13 02:56:41     -161.194119        0.539877
BFGS:   14 02:56:42     -161.263260        0.784419
BFGS:   15 02:56:42     -161.331935        0.905894
BFGS:   16 02:56:43     -161.394421        0.757299
BFGS:   17 02:56:43     -161.437854        0.384457
BFGS:   18 02:56:44     -161.453418        0.183964
BFGS:   19 02:56:44     -161.459450        0.213297
BFGS:   20 02:56:45     -161.468548        0.258971
BFGS:   21 02:56:45     -161.474105        0.168000
BFGS:   22 02:56:46     -161.476360        0.098556
BFGS:   23 02:56:46     -161.477233        0.097732
BFGS:   24 02:56:46     -161.478175        0.083555
BFGS:   25 02:56:47     -161.479662        0.107890
BFGS:   26 02:56:47     -161.481394        0.138498
BFGS:   27 02:56:48     -161.482378        0.103071
BFGS:   28 02:56:48     -161.483572        0.055552
BFGS:   29 02:56:49     -161.483761        0.055329
BFGS:   30 02:56:49     -161.484282        0.026572
