      Step     Time          Energy          fmax
BFGS:    0 12:25:52     -158.733939        7.080806
BFGS:    1 12:25:52     -159.659833        1.921413
BFGS:    2 12:25:53     -159.928807        1.353768
BFGS:    3 12:25:53     -160.076740        0.890913
BFGS:    4 12:25:54     -160.136701        1.006765
BFGS:    5 12:25:55     -160.209050        1.126037
BFGS:    6 12:25:55     -160.274838        0.898550
BFGS:    7 12:25:56     -160.345136        0.758533
BFGS:    8 12:25:56     -160.425700        0.916698
BFGS:    9 12:25:57     -160.510768        0.836580
BFGS:   10 12:25:57     -160.583459        1.054714
BFGS:   11 12:25:58     -160.648250        1.080123
BFGS:   12 12:25:58     -160.727279        0.975762
BFGS:   13 12:25:59     -160.862605        0.833539
BFGS:   14 12:25:59     -161.003333        0.868103
BFGS:   15 12:26:00     -161.134973        0.869906
BFGS:   16 12:26:01     -161.250664        0.874166
BFGS:   17 12:26:01     -161.344636        0.720180
BFGS:   18 12:26:02     -161.404136        0.395674
BFGS:   19 12:26:02     -161.434711        0.387493
BFGS:   20 12:26:03     -161.455119        0.356681
BFGS:   21 12:26:03     -161.468908        0.196019
BFGS:   22 12:26:04     -161.474433        0.088240
BFGS:   23 12:26:04     -161.475802        0.078985
BFGS:   24 12:26:05     -161.477200        0.090568
BFGS:   25 12:26:05     -161.479047        0.075534
BFGS:   26 12:26:06     -161.481701        0.086652
BFGS:   27 12:26:06     -161.482935        0.089950
BFGS:   28 12:26:07     -161.483197        0.054686
BFGS:   29 12:26:07     -161.483453        0.075874
BFGS:   30 12:26:08     -161.483653        0.051248
BFGS:   31 12:26:08     -161.483810        0.021508
