      Step     Time          Energy          fmax
BFGS:    0 11:38:14     -141.978072       42.333321
BFGS:    1 11:38:15     -155.244284        8.457225
BFGS:    2 11:38:15     -156.930707        4.020626
BFGS:    3 11:38:16     -157.828604        2.969368
BFGS:    4 11:38:17     -158.293963        2.017338
BFGS:    5 11:38:17     -158.531100        1.467575
BFGS:    6 11:38:18     -158.873095        1.563332
BFGS:    7 11:38:18     -159.148270        1.246643
BFGS:    8 11:38:19     -159.357874        1.367124
BFGS:    9 11:38:19     -159.502679        1.208491
BFGS:   10 11:38:20     -159.670372        1.261052
BFGS:   11 11:38:20     -159.896360        1.184225
BFGS:   12 11:38:21     -160.063302        0.851911
BFGS:   13 11:38:22     -160.158887        1.147092
BFGS:   14 11:38:22     -160.302663        1.577581
BFGS:   15 11:38:23     -160.479898        1.728441
BFGS:   16 11:38:23     -160.655763        1.351303
BFGS:   17 11:38:24     -160.794410        0.948743
BFGS:   18 11:38:25     -160.907676        0.778428
BFGS:   19 11:38:25     -161.005560        0.797698
BFGS:   20 11:38:26     -161.101672        0.840788
BFGS:   21 11:38:26     -161.212432        0.782305
BFGS:   22 11:38:27     -161.295721        0.650798
BFGS:   23 11:38:27     -161.345863        0.487067
BFGS:   24 11:38:28     -161.368975        0.431870
BFGS:   25 11:38:28     -161.400741        0.476074
BFGS:   26 11:38:29     -161.425894        0.469636
BFGS:   27 11:38:29     -161.438106        0.267441
BFGS:   28 11:38:30     -161.442673        0.101264
BFGS:   29 11:38:30     -161.445327        0.116547
BFGS:   30 11:38:31     -161.447948        0.128945
BFGS:   31 11:38:31     -161.450435        0.117152
BFGS:   32 11:38:32     -161.452308        0.083929
BFGS:   33 11:38:32     -161.453430        0.085121
BFGS:   34 11:38:33     -161.454515        0.090018
BFGS:   35 11:38:33     -161.455824        0.096769
BFGS:   36 11:38:34     -161.457753        0.101191
BFGS:   37 11:38:34     -161.459777        0.099413
BFGS:   38 11:38:35     -161.461709        0.117837
BFGS:   39 11:38:35     -161.464086        0.123563
BFGS:   40 11:38:36     -161.466889        0.103553
BFGS:   41 11:38:36     -161.470431        0.117445
BFGS:   42 11:38:37     -161.474059        0.128480
BFGS:   43 11:38:37     -161.477151        0.100345
BFGS:   44 11:38:38     -161.479334        0.078375
BFGS:   45 11:38:38     -161.480549        0.058916
BFGS:   46 11:38:39     -161.481293        0.048839
