      Step     Time          Energy          fmax
BFGS:    0 01:39:13     -152.218526       22.633689
BFGS:    1 01:39:14     -156.361340        5.624873
BFGS:    2 01:39:15     -157.460545        2.475846
BFGS:    3 01:39:15     -157.990718        1.675589
BFGS:    4 01:39:16     -158.206944        1.427280
BFGS:    5 01:39:16     -158.385949        1.221299
BFGS:    6 01:39:17     -158.669137        1.416271
BFGS:    7 01:39:17     -159.007535        1.887505
BFGS:    8 01:39:18     -159.359591        2.155668
BFGS:    9 01:39:18     -159.665478        1.916364
BFGS:   10 01:39:19     -160.015098        1.700498
BFGS:   11 01:39:20     -160.288129        1.523955
BFGS:   12 01:39:20     -160.496884        1.159496
BFGS:   13 01:39:21     -160.663242        1.095072
BFGS:   14 01:39:21     -160.796490        1.246587
BFGS:   15 01:39:22     -160.968461        1.231204
BFGS:   16 01:39:22     -161.102996        1.176093
BFGS:   17 01:39:23     -161.204385        0.671487
BFGS:   18 01:39:23     -161.273020        0.545926
BFGS:   19 01:39:24     -161.325841        0.542925
BFGS:   20 01:39:24     -161.367477        0.456401
BFGS:   21 01:39:25     -161.398717        0.446674
BFGS:   22 01:39:25     -161.422189        0.413348
BFGS:   23 01:39:26     -161.438801        0.324819
BFGS:   24 01:39:26     -161.448128        0.246092
BFGS:   25 01:39:27     -161.456485        0.173201
BFGS:   26 01:39:27     -161.459998        0.162620
BFGS:   27 01:39:28     -161.462553        0.117110
BFGS:   28 01:39:28     -161.464803        0.087837
BFGS:   29 01:39:29     -161.467521        0.098833
BFGS:   30 01:39:30     -161.469960        0.118240
BFGS:   31 01:39:30     -161.471778        0.093189
BFGS:   32 01:39:31     -161.472612        0.094487
BFGS:   33 01:39:31     -161.473487        0.078945
BFGS:   34 01:39:32     -161.474437        0.092063
BFGS:   35 01:39:32     -161.475496        0.095976
BFGS:   36 01:39:32     -161.476288        0.071170
BFGS:   37 01:39:33     -161.476871        0.066025
BFGS:   38 01:39:33     -161.477675        0.062841
BFGS:   39 01:39:34     -161.478736        0.088975
BFGS:   40 01:39:34     -161.479786        0.089615
BFGS:   41 01:39:35     -161.480572        0.065493
BFGS:   42 01:39:35     -161.480987        0.040873
