      Step     Time          Energy          fmax
BFGS:    0 08:42:10     -160.531406        1.300690
BFGS:    1 08:42:11     -160.570695        0.623762
BFGS:    2 08:42:11     -160.637917        0.682356
BFGS:    3 08:42:12     -160.693864        0.724469
BFGS:    4 08:42:12     -160.723636        0.507185
BFGS:    5 08:42:13     -160.742565        0.397307
BFGS:    6 08:42:13     -160.763409        0.752499
BFGS:    7 08:42:14     -160.799530        1.218228
BFGS:    8 08:42:15     -160.865023        1.454705
BFGS:    9 08:42:15     -160.956763        1.082109
BFGS:   10 08:42:16     -161.037257        0.661513
BFGS:   11 08:42:16     -161.100430        0.537866
BFGS:   12 08:42:17     -161.164290        0.755589
BFGS:   13 08:42:17     -161.234094        0.974294
BFGS:   14 08:42:18     -161.309763        0.884670
BFGS:   15 08:42:18     -161.370578        0.565680
BFGS:   16 08:42:19     -161.410174        0.299222
BFGS:   17 08:42:19     -161.425783        0.244358
BFGS:   18 08:42:20     -161.438814        0.287718
BFGS:   19 08:42:20     -161.456415        0.383013
BFGS:   20 08:42:21     -161.469580        0.311492
BFGS:   21 08:42:21     -161.475995        0.125343
BFGS:   22 08:42:22     -161.477673        0.097341
BFGS:   23 08:42:22     -161.479416        0.110788
BFGS:   24 08:42:23     -161.480733        0.138144
BFGS:   25 08:42:23     -161.481683        0.084573
BFGS:   26 08:42:24     -161.481890        0.020915
