      Step     Time          Energy          fmax
BFGS:    0 02:18:37     -172.636414        0.565487
BFGS:    1 02:18:38     -172.651901        0.384887
BFGS:    2 02:18:38     -172.661041        0.347694
BFGS:    3 02:18:38     -172.670181        0.381134
BFGS:    4 02:18:39     -172.682724        0.411543
BFGS:    5 02:18:39     -172.690399        0.232416
BFGS:    6 02:18:39     -172.693970        0.141418
BFGS:    7 02:18:39     -172.696487        0.184160
BFGS:    8 02:18:40     -172.700241        0.249211
BFGS:    9 02:18:40     -172.705032        0.251150
BFGS:   10 02:18:40     -172.708664        0.160683
BFGS:   11 02:18:41     -172.711029        0.159281
BFGS:   12 02:18:41     -172.714432        0.288319
BFGS:   13 02:18:41     -172.719589        0.469492
BFGS:   14 02:18:41     -172.727966        0.596407
BFGS:   15 02:18:42     -172.736420        0.499864
BFGS:   16 02:18:42     -172.742615        0.218426
BFGS:   17 02:18:43     -172.745270        0.172559
BFGS:   18 02:18:43     -172.747726        0.204638
BFGS:   19 02:18:43     -172.751083        0.190487
BFGS:   20 02:18:43     -172.753204        0.145365
BFGS:   21 02:18:44     -172.753937        0.054288
BFGS:   22 02:18:44     -172.754196        0.055275
BFGS:   23 02:18:44     -172.754593        0.073538
BFGS:   24 02:18:44     -172.755127        0.103468
BFGS:   25 02:18:45     -172.755692        0.102162
BFGS:   26 02:18:45     -172.756104        0.059283
BFGS:   27 02:18:46     -172.756424        0.066268
BFGS:   28 02:18:46     -172.756851        0.082566
BFGS:   29 02:18:46     -172.757507        0.087224
BFGS:   30 02:18:46     -172.758148        0.081614
BFGS:   31 02:18:47     -172.758530        0.052657
BFGS:   32 02:18:47     -172.758743        0.051934
BFGS:   33 02:18:48     -172.759018        0.058599
BFGS:   34 02:18:48     -172.759521        0.085575
BFGS:   35 02:18:48     -172.760269        0.099063
BFGS:   36 02:18:49     -172.761017        0.064478
BFGS:   37 02:18:49     -172.761536        0.054798
BFGS:   38 02:18:49     -172.761917        0.055451
BFGS:   39 02:18:49     -172.762466        0.095720
BFGS:   40 02:18:50     -172.763290        0.113065
BFGS:   41 02:18:50     -172.764206        0.071426
BFGS:   42 02:18:50     -172.764938        0.073078
BFGS:   43 02:18:51     -172.765533        0.072031
BFGS:   44 02:18:51     -172.766357        0.127999
BFGS:   45 02:18:51     -172.767654        0.167167
BFGS:   46 02:18:52     -172.769653        0.167181
BFGS:   47 02:18:52     -172.775497        0.353605
BFGS:   48 02:18:52     -172.780502        0.828710
BFGS:   49 02:18:52     -172.781570        1.408552
BFGS:   50 02:18:53     -172.803940        1.168993
BFGS:   51 02:18:53     -172.931549        1.650676
BFGS:   52 02:18:53     -173.196136        1.726092
BFGS:   53 02:18:54     -173.225861        2.284418
BFGS:   54 02:18:54     -173.317596        2.707270
BFGS:   55 02:18:54     -173.367279        2.701382
BFGS:   56 02:18:55     -173.540771        1.376132
BFGS:   57 02:18:55     -173.582367        1.804004
BFGS:   58 02:18:55     -173.663696        0.594211
BFGS:   59 02:18:55     -173.678574        0.351768
BFGS:   60 02:18:56     -173.689041        0.237967
BFGS:   61 02:18:56     -173.692322        0.223674
BFGS:   62 02:18:56     -173.696716        0.164838
BFGS:   63 02:18:57     -173.701233        0.100296
BFGS:   64 02:18:57     -173.702591        0.067420
BFGS:   65 02:18:57     -173.703369        0.060620
BFGS:   66 02:18:58     -173.704056        0.059427
BFGS:   67 02:18:58     -173.704773        0.049244
      Step     Time          Energy          fmax
BFGS:    0 15:54:20     -172.636414        0.565486
BFGS:    1 15:54:20     -172.651901        0.384887
BFGS:    2 15:54:21     -172.661057        0.347694
BFGS:    3 15:54:21     -172.670181        0.381136
BFGS:    4 15:54:21     -172.682724        0.411545
BFGS:    5 15:54:21     -172.690399        0.232415
BFGS:    6 15:54:22     -172.693970        0.141415
BFGS:    7 15:54:22     -172.696487        0.184161
BFGS:    8 15:54:22     -172.700241        0.249234
BFGS:    9 15:54:23     -172.705032        0.251148
BFGS:   10 15:54:23     -172.708664        0.160683
BFGS:   11 15:54:23     -172.711029        0.159283
BFGS:   12 15:54:23     -172.714432        0.288244
BFGS:   13 15:54:23     -172.719604        0.469501
BFGS:   14 15:54:24     -172.727966        0.596412
BFGS:   15 15:54:24     -172.736420        0.499908
BFGS:   16 15:54:24     -172.742615        0.218483
BFGS:   17 15:54:24     -172.745255        0.172629
BFGS:   18 15:54:25     -172.747711        0.204622
BFGS:   19 15:54:25     -172.751083        0.190451
BFGS:   20 15:54:25     -172.753204        0.145430
BFGS:   21 15:54:25     -172.753937        0.054215
BFGS:   22 15:54:26     -172.754211        0.055283
BFGS:   23 15:54:26     -172.754593        0.073537
BFGS:   24 15:54:26     -172.755127        0.103501
BFGS:   25 15:54:26     -172.755692        0.102097
BFGS:   26 15:54:27     -172.756104        0.059213
BFGS:   27 15:54:27     -172.756409        0.066267
BFGS:   28 15:54:27     -172.756851        0.082533
BFGS:   29 15:54:27     -172.757507        0.087248
BFGS:   30 15:54:28     -172.758148        0.081532
BFGS:   31 15:54:28     -172.758530        0.052645
BFGS:   32 15:54:28     -172.758743        0.051937
BFGS:   33 15:54:28     -172.759003        0.058715
BFGS:   34 15:54:28     -172.759521        0.085422
BFGS:   35 15:54:29     -172.760269        0.099075
BFGS:   36 15:54:29     -172.761017        0.064542
BFGS:   37 15:54:29     -172.761536        0.054797
BFGS:   38 15:54:29     -172.761917        0.055518
BFGS:   39 15:54:30     -172.762451        0.095718
BFGS:   40 15:54:30     -172.763290        0.113024
BFGS:   41 15:54:30     -172.764206        0.071365
BFGS:   42 15:54:30     -172.764923        0.073042
BFGS:   43 15:54:30     -172.765533        0.071916
BFGS:   44 15:54:31     -172.766373        0.128113
BFGS:   45 15:54:31     -172.767654        0.167246
BFGS:   46 15:54:31     -172.769669        0.167384
BFGS:   47 15:54:31     -172.775528        0.357033
BFGS:   48 15:54:31     -172.780624        0.831850
BFGS:   49 15:54:32     -172.781494        1.413679
BFGS:   50 15:54:32     -172.803436        1.161572
BFGS:   51 15:54:32     -172.936218        1.673746
BFGS:   52 15:54:32     -173.200623        1.782939
BFGS:   53 15:54:32     -173.231308        2.236553
BFGS:   54 15:54:33     -173.331055        3.542032
BFGS:   55 15:54:33     -173.473801        1.753692
BFGS:   56 15:54:33     -173.589783        0.765056
BFGS:   57 15:54:33     -173.615341        1.962419
BFGS:   58 15:54:34     -173.676804        0.335666
BFGS:   59 15:54:34     -173.684906        0.239344
BFGS:   60 15:54:34     -173.690765        0.305488
BFGS:   61 15:54:34     -173.695129        0.197172
BFGS:   62 15:54:34     -173.701248        0.104136
BFGS:   63 15:54:35     -173.702316        0.065038
BFGS:   64 15:54:35     -173.702988        0.052447
BFGS:   65 15:54:35     -173.703598        0.052092
BFGS:   66 15:54:35     -173.704468        0.065271
BFGS:   67 15:54:35     -173.705139        0.067387
BFGS:   68 15:54:36     -173.705536        0.041160
