      Step     Time          Energy          fmax
BFGS:    0 12:27:51     -165.903946       15.595662
BFGS:    1 12:27:51     -171.261917        2.623827
BFGS:    2 12:27:51     -171.561035        1.480398
BFGS:    3 12:27:52     -171.811066        1.146579
BFGS:    4 12:27:52     -171.927063        1.206084
BFGS:    5 12:27:52     -172.127121        1.299042
BFGS:    6 12:27:53     -172.325012        1.129665
BFGS:    7 12:27:53     -172.465790        1.117362
BFGS:    8 12:27:53     -172.560730        0.891689
BFGS:    9 12:27:53     -172.623718        0.677248
BFGS:   10 12:27:54     -172.654404        0.569556
BFGS:   11 12:27:54     -172.672882        0.470296
BFGS:   12 12:27:54     -172.690323        0.404891
BFGS:   13 12:27:55     -172.704880        0.325073
BFGS:   14 12:27:55     -172.714767        0.187709
BFGS:   15 12:27:55     -172.720169        0.173145
BFGS:   16 12:27:56     -172.723877        0.153544
BFGS:   17 12:27:56     -172.728607        0.131803
BFGS:   18 12:27:56     -172.733002        0.098336
BFGS:   19 12:27:57     -172.735886        0.110556
BFGS:   20 12:27:57     -172.737549        0.116999
BFGS:   21 12:27:57     -172.739395        0.125130
BFGS:   22 12:27:57     -172.741882        0.114426
BFGS:   23 12:27:58     -172.744110        0.069621
BFGS:   24 12:27:58     -172.745392        0.076011
BFGS:   25 12:27:59     -172.746094        0.071516
BFGS:   26 12:27:59     -172.747055        0.108451
BFGS:   27 12:27:59     -172.748856        0.156235
BFGS:   28 12:28:00     -172.751556        0.178129
BFGS:   29 12:28:00     -172.754257        0.143161
BFGS:   30 12:28:01     -172.756134        0.087666
BFGS:   31 12:28:01     -172.757568        0.085978
BFGS:   32 12:28:01     -172.759384        0.079606
BFGS:   33 12:28:02     -172.762268        0.116031
BFGS:   34 12:28:02     -172.765366        0.116389
BFGS:   35 12:28:02     -172.767624        0.122031
BFGS:   36 12:28:02     -172.769196        0.121804
BFGS:   37 12:28:03     -172.770950        0.105994
BFGS:   38 12:28:03     -172.773605        0.132302
BFGS:   39 12:28:03     -172.776779        0.138719
BFGS:   40 12:28:04     -172.779236        0.096337
BFGS:   41 12:28:04     -172.780533        0.089171
BFGS:   42 12:28:04     -172.781677        0.078989
BFGS:   43 12:28:04     -172.783798        0.093560
BFGS:   44 12:28:05     -172.786774        0.122748
BFGS:   45 12:28:05     -172.789825        0.134697
BFGS:   46 12:28:05     -172.791718        0.126063
BFGS:   47 12:28:06     -172.793259        0.108920
BFGS:   48 12:28:06     -172.795441        0.089354
BFGS:   49 12:28:06     -172.798386        0.093529
BFGS:   50 12:28:06     -172.801453        0.100107
BFGS:   51 12:28:07     -172.803955        0.075559
BFGS:   52 12:28:07     -172.805618        0.083488
BFGS:   53 12:28:07     -172.806641        0.065763
BFGS:   54 12:28:08     -172.807724        0.069843
BFGS:   55 12:28:08     -172.808456        0.065894
BFGS:   56 12:28:08     -172.808868        0.032775
      Step     Time          Energy          fmax
BFGS:    0 02:10:06     -165.903946       15.595664
BFGS:    1 02:10:06     -171.261902        2.623827
BFGS:    2 02:10:06     -171.561035        1.480398
BFGS:    3 02:10:07     -171.811066        1.146579
BFGS:    4 02:10:07     -171.927063        1.206084
BFGS:    5 02:10:08     -172.127121        1.299039
BFGS:    6 02:10:08     -172.325012        1.129668
BFGS:    7 02:10:08     -172.465790        1.117360
BFGS:    8 02:10:09     -172.560730        0.891688
BFGS:    9 02:10:09     -172.623734        0.677265
BFGS:   10 02:10:09     -172.654404        0.569550
BFGS:   11 02:10:10     -172.672882        0.470311
BFGS:   12 02:10:10     -172.690338        0.404871
BFGS:   13 02:10:11     -172.704865        0.325081
BFGS:   14 02:10:11     -172.714767        0.187699
BFGS:   15 02:10:11     -172.720169        0.173154
BFGS:   16 02:10:12     -172.723877        0.153533
BFGS:   17 02:10:12     -172.728607        0.131828
BFGS:   18 02:10:12     -172.733002        0.098336
BFGS:   19 02:10:13     -172.735886        0.110552
BFGS:   20 02:10:13     -172.737564        0.117021
BFGS:   21 02:10:13     -172.739395        0.125078
BFGS:   22 02:10:13     -172.741882        0.114453
BFGS:   23 02:10:14     -172.744125        0.069620
BFGS:   24 02:10:14     -172.745392        0.076002
BFGS:   25 02:10:14     -172.746109        0.071521
BFGS:   26 02:10:15     -172.747055        0.108510
BFGS:   27 02:10:15     -172.748856        0.156218
BFGS:   28 02:10:15     -172.751556        0.178122
BFGS:   29 02:10:15     -172.754257        0.143140
BFGS:   30 02:10:16     -172.756134        0.087671
BFGS:   31 02:10:16     -172.757568        0.085982
BFGS:   32 02:10:16     -172.759384        0.079602
BFGS:   33 02:10:17     -172.762268        0.116053
BFGS:   34 02:10:17     -172.765381        0.116341
BFGS:   35 02:10:17     -172.767624        0.122031
BFGS:   36 02:10:17     -172.769196        0.121800
BFGS:   37 02:10:18     -172.770950        0.105988
BFGS:   38 02:10:18     -172.773605        0.132430
BFGS:   39 02:10:18     -172.776779        0.138688
BFGS:   40 02:10:19     -172.779236        0.096304
BFGS:   41 02:10:19     -172.780533        0.089170
BFGS:   42 02:10:19     -172.781677        0.078990
BFGS:   43 02:10:20     -172.783798        0.093572
BFGS:   44 02:10:20     -172.786774        0.122755
BFGS:   45 02:10:20     -172.789825        0.134689
BFGS:   46 02:10:20     -172.791718        0.126052
BFGS:   47 02:10:21     -172.793274        0.108910
BFGS:   48 02:10:21     -172.795441        0.089390
BFGS:   49 02:10:21     -172.798386        0.093464
BFGS:   50 02:10:22     -172.801453        0.100038
BFGS:   51 02:10:22     -172.803970        0.075523
BFGS:   52 02:10:22     -172.805618        0.083472
BFGS:   53 02:10:23     -172.806641        0.065742
BFGS:   54 02:10:23     -172.807739        0.069830
BFGS:   55 02:10:23     -172.808456        0.065939
BFGS:   56 02:10:24     -172.808868        0.032745
