      Step     Time          Energy          fmax
BFGS:    0 00:44:27     -205.763809        2.353133
BFGS:    1 00:44:30     -205.908738        1.396505
BFGS:    2 00:44:33     -206.205261        2.554683
BFGS:    3 00:44:36     -206.304807        1.548815
BFGS:    4 00:44:39     -206.402087        0.782548
BFGS:    5 00:44:42     -206.517917        0.730368
BFGS:    6 00:44:45     -206.571340        1.153033
BFGS:    7 00:44:48     -206.600948        1.217037
BFGS:    8 00:44:51     -206.661493        1.027929
BFGS:    9 00:44:53     -206.742473        1.000946
BFGS:   10 00:44:56     -206.817386        0.992841
BFGS:   11 00:44:59     -206.863475        0.692749
BFGS:   12 00:45:01     -206.885547        0.277125
BFGS:   13 00:45:04     -206.891189        0.121315
BFGS:   14 00:45:07     -206.893316        0.127232
BFGS:   15 00:45:09     -206.895639        0.121641
BFGS:   16 00:45:12     -206.897041        0.073756
BFGS:   17 00:45:15     -206.897487        0.034269
      Step     Time          Energy          fmax
BFGS:    0 13:10:29     -205.763810        2.353126
BFGS:    1 13:10:30     -205.908736        1.396533
BFGS:    2 13:10:31     -206.205251        2.554821
BFGS:    3 13:10:32     -206.304799        1.548845
BFGS:    4 13:10:33     -206.402072        0.782556
BFGS:    5 13:10:34     -206.517909        0.730347
BFGS:    6 13:10:35     -206.571338        1.153031
BFGS:    7 13:10:36     -206.600946        1.217064
BFGS:    8 13:10:37     -206.661485        1.027934
BFGS:    9 13:10:39     -206.742465        1.001040
BFGS:   10 13:10:40     -206.817374        0.992907
BFGS:   11 13:10:41     -206.863473        0.692796
BFGS:   12 13:10:42     -206.885551        0.277138
BFGS:   13 13:10:43     -206.891189        0.121334
BFGS:   14 13:10:44     -206.893316        0.127229
BFGS:   15 13:10:45     -206.895639        0.121646
BFGS:   16 13:10:46     -206.897043        0.073714
BFGS:   17 13:10:47     -206.897491        0.034263
